[ 2016-12-11T15:09:51+08:00 ] ::1 /wish/index.php/admin/login
INFO: [ app_init ] --START--
INFO: Run Behavior\BuildLiteBehavior [ RunTime:0.001000s ]
INFO: [ app_init ] --END-- [ RunTime:0.001000s ]
INFO: [ app_begin ] --START--
INFO: Run Behavior\ReadHtmlCacheBehavior [ RunTime:0.001000s ]
INFO: [ app_begin ] --END-- [ RunTime:0.001000s ]
INFO: [ view_parse ] --START--
INFO: [ template_filter ] --START--
INFO: Run Behavior\ContentReplaceBehavior [ RunTime:0.000000s ]
INFO: [ template_filter ] --END-- [ RunTime:0.000000s ]
INFO: Run Behavior\ParseTemplateBehavior [ RunTime:0.023001s ]
INFO: [ view_parse ] --END-- [ RunTime:0.023001s ]
INFO: [ view_filter ] --START--
INFO: Run Behavior\WriteHtmlCacheBehavior [ RunTime:0.001000s ]
INFO: [ view_filter ] --END-- [ RunTime:0.001000s ]
INFO: [ app_end ] --START--
INFO: Run Behavior\ShowPageTraceBehavior [ RunTime:0.001001s ]
INFO: [ app_end ] --END-- [ RunTime:0.001001s ]

[ 2016-12-11T15:09:51+08:00 ] ::1 /wish/index.php/Admin/Login/verify.html
INFO: [ app_init ] --START--
INFO: Run Behavior\BuildLiteBehavior [ RunTime:0.000000s ]
INFO: [ app_init ] --END-- [ RunTime:0.000000s ]
INFO: [ app_begin ] --START--
INFO: Run Behavior\ReadHtmlCacheBehavior [ RunTime:0.001000s ]
INFO: [ app_begin ] --END-- [ RunTime:0.002000s ]
INFO: [ app_end ] --START--
INFO: Run Behavior\ShowPageTraceBehavior [ RunTime:0.001001s ]
INFO: [ app_end ] --END-- [ RunTime:0.002001s ]

[ 2016-12-11T15:10:04+08:00 ] ::1 /wish/index.php/Admin/Login/login.html
INFO: [ app_init ] --START--
INFO: Run Behavior\BuildLiteBehavior [ RunTime:0.000000s ]
INFO: [ app_init ] --END-- [ RunTime:0.001000s ]
INFO: [ app_begin ] --START--
INFO: Run Behavior\ReadHtmlCacheBehavior [ RunTime:0.001000s ]
INFO: [ app_begin ] --END-- [ RunTime:0.001000s ]
SQL: SHOW COLUMNS FROM `hd_user` [ RunTime:0.0030s ]
NOTIC: [8] Use of undefined constant username - assumed 'username' C:\wamp\www\wish\Index\Admin\Controller\LoginController.class.php 第 25 行.
SQL: SELECT * FROM `hd_user` WHERE `username` = 'admin' LIMIT 1   [ RunTime:0.0000s ]
NOTIC: [8] Use of undefined constant password - assumed 'password' C:\wamp\www\wish\Index\Admin\Controller\LoginController.class.php 第 27 行.
SQL: UPDATE `hd_user` SET `logintime`='1481440204',`loginip`='0.0.0.0' WHERE `id` = 1 [ RunTime:0.0010s ]

[ 2016-12-11T15:10:04+08:00 ] ::1 /wish/index.php/Admin/Index/index.html
INFO: [ app_init ] --START--
INFO: Run Behavior\BuildLiteBehavior [ RunTime:0.000000s ]
INFO: [ app_init ] --END-- [ RunTime:0.001000s ]
INFO: [ app_begin ] --START--
INFO: Run Behavior\ReadHtmlCacheBehavior [ RunTime:0.001000s ]
INFO: [ app_begin ] --END-- [ RunTime:0.001000s ]
INFO: [ view_parse ] --START--
INFO: [ template_filter ] --START--
INFO: Run Behavior\ContentReplaceBehavior [ RunTime:0.001000s ]
INFO: [ template_filter ] --END-- [ RunTime:0.001000s ]
INFO: Run Behavior\ParseTemplateBehavior [ RunTime:0.015001s ]
INFO: [ view_parse ] --END-- [ RunTime:0.015001s ]
INFO: [ view_filter ] --START--
INFO: Run Behavior\WriteHtmlCacheBehavior [ RunTime:0.001000s ]
INFO: [ view_filter ] --END-- [ RunTime:0.001000s ]
INFO: [ app_end ] --START--
INFO: Run Behavior\ShowPageTraceBehavior [ RunTime:0.001000s ]
INFO: [ app_end ] --END-- [ RunTime:0.001000s ]

[ 2016-12-11T15:10:09+08:00 ] ::1 /wish/index.php/Admin/MsgManag/index.html
INFO: [ app_init ] --START--
INFO: Run Behavior\BuildLiteBehavior [ RunTime:0.000000s ]
INFO: [ app_init ] --END-- [ RunTime:0.001000s ]
INFO: [ app_begin ] --START--
INFO: Run Behavior\ReadHtmlCacheBehavior [ RunTime:0.001000s ]
INFO: [ app_begin ] --END-- [ RunTime:0.001000s ]
SQL: SHOW COLUMNS FROM `hd_wish` [ RunTime:0.0030s ]
SQL: SELECT COUNT(*) AS tp_count FROM `hd_wish` LIMIT 1   [ RunTime:0.0010s ]
SQL: SELECT * FROM `hd_wish` ORDER BY time DESC LIMIT 0,4   [ RunTime:0.0000s ]
INFO: [ view_parse ] --START--
INFO: [ template_filter ] --START--
INFO: Run Behavior\ContentReplaceBehavior [ RunTime:0.000000s ]
INFO: [ template_filter ] --END-- [ RunTime:0.001000s ]
INFO: Run Behavior\ParseTemplateBehavior [ RunTime:0.016000s ]
INFO: [ view_parse ] --END-- [ RunTime:0.016000s ]
INFO: [ view_filter ] --START--
INFO: Run Behavior\WriteHtmlCacheBehavior [ RunTime:0.001000s ]
INFO: [ view_filter ] --END-- [ RunTime:0.001000s ]
INFO: [ app_end ] --START--
INFO: Run Behavior\ShowPageTraceBehavior [ RunTime:0.001000s ]
INFO: [ app_end ] --END-- [ RunTime:0.001000s ]

[ 2016-12-11T15:10:10+08:00 ] ::1 /wish/index.php/Admin/Rbac/index.html
INFO: [ app_init ] --START--
INFO: Run Behavior\BuildLiteBehavior [ RunTime:0.000000s ]
INFO: [ app_init ] --END-- [ RunTime:0.001000s ]
INFO: [ app_begin ] --START--
INFO: Run Behavior\ReadHtmlCacheBehavior [ RunTime:0.001000s ]
INFO: [ app_begin ] --END-- [ RunTime:0.001000s ]
SQL: SHOW COLUMNS FROM `hd_user` [ RunTime:0.0040s ]
SQL: SELECT `id`,`username`,`logintime`,`loginip`,`locke` FROM `hd_user`  [ RunTime:0.0000s ]
SQL: SHOW COLUMNS FROM `hd_role` [ RunTime:0.0030s ]
NOTIC: [8] Undefined index: mapping_order C:\wamp\www\wish\ThinkPHP\Library\Think\Model\RelationModel.class.php 第 186 行.
NOTIC: [8] Undefined index: mapping_limit C:\wamp\www\wish\ThinkPHP\Library\Think\Model\RelationModel.class.php 第 187 行.
NOTIC: [8] Undefined index: relation_foreign_key C:\wamp\www\wish\ThinkPHP\Library\Think\Model\RelationModel.class.php 第 188 行.
SQL: SELECT b.id,name,remark FROM hd_role_user AS a, hd_role AS b WHERE a.role_id = b.id AND a. user_id='1' [ RunTime:0.0020s ]
NOTIC: [8] Undefined index: mapping_order C:\wamp\www\wish\ThinkPHP\Library\Think\Model\RelationModel.class.php 第 186 行.
NOTIC: [8] Undefined index: mapping_limit C:\wamp\www\wish\ThinkPHP\Library\Think\Model\RelationModel.class.php 第 187 行.
NOTIC: [8] Undefined index: relation_foreign_key C:\wamp\www\wish\ThinkPHP\Library\Think\Model\RelationModel.class.php 第 188 行.
SQL: SELECT b.id,name,remark FROM hd_role_user AS a, hd_role AS b WHERE a.role_id = b.id AND a. user_id='5' [ RunTime:0.0010s ]
NOTIC: [8] Undefined index: mapping_order C:\wamp\www\wish\ThinkPHP\Library\Think\Model\RelationModel.class.php 第 186 行.
NOTIC: [8] Undefined index: mapping_limit C:\wamp\www\wish\ThinkPHP\Library\Think\Model\RelationModel.class.php 第 187 行.
NOTIC: [8] Undefined index: relation_foreign_key C:\wamp\www\wish\ThinkPHP\Library\Think\Model\RelationModel.class.php 第 188 行.
SQL: SELECT b.id,name,remark FROM hd_role_user AS a, hd_role AS b WHERE a.role_id = b.id AND a. user_id='4' [ RunTime:0.0000s ]
NOTIC: [8] Undefined index: mapping_order C:\wamp\www\wish\ThinkPHP\Library\Think\Model\RelationModel.class.php 第 186 行.
NOTIC: [8] Undefined index: mapping_limit C:\wamp\www\wish\ThinkPHP\Library\Think\Model\RelationModel.class.php 第 187 行.
NOTIC: [8] Undefined index: relation_foreign_key C:\wamp\www\wish\ThinkPHP\Library\Think\Model\RelationModel.class.php 第 188 行.
SQL: SELECT b.id,name,remark FROM hd_role_user AS a, hd_role AS b WHERE a.role_id = b.id AND a. user_id='6' [ RunTime:0.0000s ]
NOTIC: [8] Undefined index: mapping_order C:\wamp\www\wish\ThinkPHP\Library\Think\Model\RelationModel.class.php 第 186 行.
NOTIC: [8] Undefined index: mapping_limit C:\wamp\www\wish\ThinkPHP\Library\Think\Model\RelationModel.class.php 第 187 行.
NOTIC: [8] Undefined index: relation_foreign_key C:\wamp\www\wish\ThinkPHP\Library\Think\Model\RelationModel.class.php 第 188 行.
SQL: SELECT b.id,name,remark FROM hd_role_user AS a, hd_role AS b WHERE a.role_id = b.id AND a. user_id='7' [ RunTime:0.0010s ]
NOTIC: [8] Undefined index: mapping_order C:\wamp\www\wish\ThinkPHP\Library\Think\Model\RelationModel.class.php 第 186 行.
NOTIC: [8] Undefined index: mapping_limit C:\wamp\www\wish\ThinkPHP\Library\Think\Model\RelationModel.class.php 第 187 行.
NOTIC: [8] Undefined index: relation_foreign_key C:\wamp\www\wish\ThinkPHP\Library\Think\Model\RelationModel.class.php 第 188 行.
SQL: SELECT b.id,name,remark FROM hd_role_user AS a, hd_role AS b WHERE a.role_id = b.id AND a. user_id='8' [ RunTime:0.0010s ]
NOTIC: [8] Undefined index: mapping_order C:\wamp\www\wish\ThinkPHP\Library\Think\Model\RelationModel.class.php 第 186 行.
NOTIC: [8] Undefined index: mapping_limit C:\wamp\www\wish\ThinkPHP\Library\Think\Model\RelationModel.class.php 第 187 行.
NOTIC: [8] Undefined index: relation_foreign_key C:\wamp\www\wish\ThinkPHP\Library\Think\Model\RelationModel.class.php 第 188 行.
SQL: SELECT b.id,name,remark FROM hd_role_user AS a, hd_role AS b WHERE a.role_id = b.id AND a. user_id='9' [ RunTime:0.0000s ]
NOTIC: [8] Undefined index: mapping_order C:\wamp\www\wish\ThinkPHP\Library\Think\Model\RelationModel.class.php 第 186 行.
NOTIC: [8] Undefined index: mapping_limit C:\wamp\www\wish\ThinkPHP\Library\Think\Model\RelationModel.class.php 第 187 行.
NOTIC: [8] Undefined index: relation_foreign_key C:\wamp\www\wish\ThinkPHP\Library\Think\Model\RelationModel.class.php 第 188 行.
SQL: SELECT b.id,name,remark FROM hd_role_user AS a, hd_role AS b WHERE a.role_id = b.id AND a. user_id='10' [ RunTime:0.0000s ]
NOTIC: [8] Undefined index: mapping_order C:\wamp\www\wish\ThinkPHP\Library\Think\Model\RelationModel.class.php 第 186 行.
NOTIC: [8] Undefined index: mapping_limit C:\wamp\www\wish\ThinkPHP\Library\Think\Model\RelationModel.class.php 第 187 行.
NOTIC: [8] Undefined index: relation_foreign_key C:\wamp\www\wish\ThinkPHP\Library\Think\Model\RelationModel.class.php 第 188 行.
SQL: SELECT b.id,name,remark FROM hd_role_user AS a, hd_role AS b WHERE a.role_id = b.id AND a. user_id='11' [ RunTime:0.0010s ]
INFO: [ view_parse ] --START--
INFO: [ template_filter ] --START--
INFO: Run Behavior\ContentReplaceBehavior [ RunTime:0.000000s ]
INFO: [ template_filter ] --END-- [ RunTime:0.000000s ]
NOTIC: [8] Use of undefined constant locke - assumed 'locke' C:\wamp\www\wish\Index\Runtime\Cache\Admin\a3d0556c8aee279629c742d6fa32dd52.php 第 26 行.
NOTIC: [8] Use of undefined constant locke - assumed 'locke' C:\wamp\www\wish\Index\Runtime\Cache\Admin\a3d0556c8aee279629c742d6fa32dd52.php 第 26 行.
NOTIC: [8] Use of undefined constant locke - assumed 'locke' C:\wamp\www\wish\Index\Runtime\Cache\Admin\a3d0556c8aee279629c742d6fa32dd52.php 第 26 行.
NOTIC: [8] Use of undefined constant locke - assumed 'locke' C:\wamp\www\wish\Index\Runtime\Cache\Admin\a3d0556c8aee279629c742d6fa32dd52.php 第 26 行.
NOTIC: [8] Use of undefined constant locke - assumed 'locke' C:\wamp\www\wish\Index\Runtime\Cache\Admin\a3d0556c8aee279629c742d6fa32dd52.php 第 26 行.
NOTIC: [8] Use of undefined constant locke - assumed 'locke' C:\wamp\www\wish\Index\Runtime\Cache\Admin\a3d0556c8aee279629c742d6fa32dd52.php 第 26 行.
NOTIC: [8] Use of undefined constant locke - assumed 'locke' C:\wamp\www\wish\Index\Runtime\Cache\Admin\a3d0556c8aee279629c742d6fa32dd52.php 第 26 行.
NOTIC: [8] Use of undefined constant locke - assumed 'locke' C:\wamp\www\wish\Index\Runtime\Cache\Admin\a3d0556c8aee279629c742d6fa32dd52.php 第 26 行.
NOTIC: [8] Use of undefined constant locke - assumed 'locke' C:\wamp\www\wish\Index\Runtime\Cache\Admin\a3d0556c8aee279629c742d6fa32dd52.php 第 26 行.
INFO: Run Behavior\ParseTemplateBehavior [ RunTime:0.020001s ]
INFO: [ view_parse ] --END-- [ RunTime:0.021001s ]
INFO: [ view_filter ] --START--
INFO: Run Behavior\WriteHtmlCacheBehavior [ RunTime:0.001001s ]
INFO: [ view_filter ] --END-- [ RunTime:0.001001s ]
INFO: [ app_end ] --START--
INFO: Run Behavior\ShowPageTraceBehavior [ RunTime:0.001000s ]
INFO: [ app_end ] --END-- [ RunTime:0.002000s ]

[ 2016-12-11T15:10:10+08:00 ] ::1 /wish/index.php/Admin/Rbac/role.html
INFO: [ app_init ] --START--
INFO: Run Behavior\BuildLiteBehavior [ RunTime:0.000000s ]
INFO: [ app_init ] --END-- [ RunTime:0.001000s ]
INFO: [ app_begin ] --START--
INFO: Run Behavior\ReadHtmlCacheBehavior [ RunTime:0.002000s ]
INFO: [ app_begin ] --END-- [ RunTime:0.002000s ]
SQL: SHOW COLUMNS FROM `hd_role` [ RunTime:0.0030s ]
SQL: SELECT * FROM `hd_role`  [ RunTime:0.0000s ]
INFO: [ view_parse ] --START--
INFO: [ template_filter ] --START--
INFO: Run Behavior\ContentReplaceBehavior [ RunTime:0.000000s ]
INFO: [ template_filter ] --END-- [ RunTime:0.000000s ]
INFO: Run Behavior\ParseTemplateBehavior [ RunTime:0.015001s ]
INFO: [ view_parse ] --END-- [ RunTime:0.015001s ]
INFO: [ view_filter ] --START--
INFO: Run Behavior\WriteHtmlCacheBehavior [ RunTime:0.001000s ]
INFO: [ view_filter ] --END-- [ RunTime:0.001000s ]
INFO: [ app_end ] --START--
INFO: Run Behavior\ShowPageTraceBehavior [ RunTime:0.001000s ]
INFO: [ app_end ] --END-- [ RunTime:0.002000s ]

[ 2016-12-11T15:10:11+08:00 ] ::1 /wish/index.php/Admin/Rbac/node.html
INFO: [ app_init ] --START--
INFO: Run Behavior\BuildLiteBehavior [ RunTime:0.000000s ]
INFO: [ app_init ] --END-- [ RunTime:0.001000s ]
INFO: [ app_begin ] --START--
INFO: Run Behavior\ReadHtmlCacheBehavior [ RunTime:0.001000s ]
INFO: [ app_begin ] --END-- [ RunTime:0.001000s ]
SQL: SHOW COLUMNS FROM `hd_node` [ RunTime:0.0040s ]
SQL: SELECT `id`,`name`,`title`,`pid` FROM `hd_node` ORDER BY sort  [ RunTime:0.0010s ]
INFO: [ view_parse ] --START--
INFO: [ template_filter ] --START--
INFO: Run Behavior\ContentReplaceBehavior [ RunTime:0.000000s ]
INFO: [ template_filter ] --END-- [ RunTime:0.001000s ]
NOTIC: [8] Use of undefined constant level - assumed 'level' C:\wamp\www\wish\Index\Runtime\Cache\Admin\27b9c0453f8f46782c35864c6387e9d9.php 第 22 行.
NOTIC: [8] Use of undefined constant title - assumed 'title' C:\wamp\www\wish\Index\Runtime\Cache\Admin\27b9c0453f8f46782c35864c6387e9d9.php 第 23 行.
NOTIC: [8] Use of undefined constant level - assumed 'level' C:\wamp\www\wish\Index\Runtime\Cache\Admin\27b9c0453f8f46782c35864c6387e9d9.php 第 30 行.
NOTIC: [8] Use of undefined constant title - assumed 'title' C:\wamp\www\wish\Index\Runtime\Cache\Admin\27b9c0453f8f46782c35864c6387e9d9.php 第 34 行.
NOTIC: [8] Use of undefined constant title - assumed 'title' C:\wamp\www\wish\Index\Runtime\Cache\Admin\27b9c0453f8f46782c35864c6387e9d9.php 第 34 行.
NOTIC: [8] Use of undefined constant title - assumed 'title' C:\wamp\www\wish\Index\Runtime\Cache\Admin\27b9c0453f8f46782c35864c6387e9d9.php 第 34 行.
NOTIC: [8] Use of undefined constant title - assumed 'title' C:\wamp\www\wish\Index\Runtime\Cache\Admin\27b9c0453f8f46782c35864c6387e9d9.php 第 34 行.
NOTIC: [8] Use of undefined constant level - assumed 'level' C:\wamp\www\wish\Index\Runtime\Cache\Admin\27b9c0453f8f46782c35864c6387e9d9.php 第 30 行.
NOTIC: [8] Use of undefined constant title - assumed 'title' C:\wamp\www\wish\Index\Runtime\Cache\Admin\27b9c0453f8f46782c35864c6387e9d9.php 第 34 行.
NOTIC: [8] Use of undefined constant title - assumed 'title' C:\wamp\www\wish\Index\Runtime\Cache\Admin\27b9c0453f8f46782c35864c6387e9d9.php 第 34 行.
NOTIC: [8] Use of undefined constant level - assumed 'level' C:\wamp\www\wish\Index\Runtime\Cache\Admin\27b9c0453f8f46782c35864c6387e9d9.php 第 30 行.
NOTIC: [8] Use of undefined constant title - assumed 'title' C:\wamp\www\wish\Index\Runtime\Cache\Admin\27b9c0453f8f46782c35864c6387e9d9.php 第 34 行.
NOTIC: [8] Use of undefined constant title - assumed 'title' C:\wamp\www\wish\Index\Runtime\Cache\Admin\27b9c0453f8f46782c35864c6387e9d9.php 第 34 行.
NOTIC: [8] Use of undefined constant level - assumed 'level' C:\wamp\www\wish\Index\Runtime\Cache\Admin\27b9c0453f8f46782c35864c6387e9d9.php 第 22 行.
NOTIC: [8] Use of undefined constant title - assumed 'title' C:\wamp\www\wish\Index\Runtime\Cache\Admin\27b9c0453f8f46782c35864c6387e9d9.php 第 23 行.
NOTIC: [8] Use of undefined constant level - assumed 'level' C:\wamp\www\wish\Index\Runtime\Cache\Admin\27b9c0453f8f46782c35864c6387e9d9.php 第 22 行.
NOTIC: [8] Use of undefined constant title - assumed 'title' C:\wamp\www\wish\Index\Runtime\Cache\Admin\27b9c0453f8f46782c35864c6387e9d9.php 第 23 行.
INFO: Run Behavior\ParseTemplateBehavior [ RunTime:0.037003s ]
INFO: [ view_parse ] --END-- [ RunTime:0.037003s ]
INFO: [ view_filter ] --START--
INFO: Run Behavior\WriteHtmlCacheBehavior [ RunTime:0.001000s ]
INFO: [ view_filter ] --END-- [ RunTime:0.001000s ]
INFO: [ app_end ] --START--
INFO: Run Behavior\ShowPageTraceBehavior [ RunTime:0.001000s ]
INFO: [ app_end ] --END-- [ RunTime:0.002000s ]

[ 2016-12-11T15:10:12+08:00 ] ::1 /wish/index.php/Admin/Rbac/addUser.html
INFO: [ app_init ] --START--
INFO: Run Behavior\BuildLiteBehavior [ RunTime:0.000000s ]
INFO: [ app_init ] --END-- [ RunTime:0.001000s ]
INFO: [ app_begin ] --START--
INFO: Run Behavior\ReadHtmlCacheBehavior [ RunTime:0.001000s ]
INFO: [ app_begin ] --END-- [ RunTime:0.001000s ]
SQL: SHOW COLUMNS FROM `hd_role` [ RunTime:0.0030s ]
SQL: SELECT * FROM `hd_role`  [ RunTime:0.0000s ]
INFO: [ view_parse ] --START--
INFO: [ template_filter ] --START--
INFO: Run Behavior\ContentReplaceBehavior [ RunTime:0.000000s ]
INFO: [ template_filter ] --END-- [ RunTime:0.000000s ]
INFO: Run Behavior\ParseTemplateBehavior [ RunTime:0.014001s ]
INFO: [ view_parse ] --END-- [ RunTime:0.015001s ]
INFO: [ view_filter ] --START--
INFO: Run Behavior\WriteHtmlCacheBehavior [ RunTime:0.001000s ]
INFO: [ view_filter ] --END-- [ RunTime:0.001000s ]
INFO: [ app_end ] --START--
INFO: Run Behavior\ShowPageTraceBehavior [ RunTime:0.001000s ]
INFO: [ app_end ] --END-- [ RunTime:0.002000s ]

[ 2016-12-11T15:10:13+08:00 ] ::1 /wish/index.php/Admin/Rbac/addRole.html
INFO: [ app_init ] --START--
INFO: Run Behavior\BuildLiteBehavior [ RunTime:0.000000s ]
INFO: [ app_init ] --END-- [ RunTime:0.001001s ]
INFO: [ app_begin ] --START--
INFO: Run Behavior\ReadHtmlCacheBehavior [ RunTime:0.001000s ]
INFO: [ app_begin ] --END-- [ RunTime:0.002000s ]
INFO: [ view_parse ] --START--
INFO: [ template_filter ] --START--
INFO: Run Behavior\ContentReplaceBehavior [ RunTime:0.000000s ]
INFO: [ template_filter ] --END-- [ RunTime:0.001000s ]
INFO: Run Behavior\ParseTemplateBehavior [ RunTime:0.011001s ]
INFO: [ view_parse ] --END-- [ RunTime:0.011001s ]
INFO: [ view_filter ] --START--
INFO: Run Behavior\WriteHtmlCacheBehavior [ RunTime:0.000000s ]
INFO: [ view_filter ] --END-- [ RunTime:0.001000s ]
INFO: [ app_end ] --START--
INFO: Run Behavior\ShowPageTraceBehavior [ RunTime:0.001000s ]
INFO: [ app_end ] --END-- [ RunTime:0.001000s ]

[ 2016-12-11T15:10:13+08:00 ] ::1 /wish/index.php/Admin/Rbac/addNode.html
INFO: [ app_init ] --START--
INFO: Run Behavior\BuildLiteBehavior [ RunTime:0.000000s ]
INFO: [ app_init ] --END-- [ RunTime:0.001000s ]
INFO: [ app_begin ] --START--
INFO: Run Behavior\ReadHtmlCacheBehavior [ RunTime:0.001000s ]
INFO: [ app_begin ] --END-- [ RunTime:0.001000s ]
INFO: [ view_parse ] --START--
INFO: [ template_filter ] --START--
INFO: Run Behavior\ContentReplaceBehavior [ RunTime:0.000000s ]
INFO: [ template_filter ] --END-- [ RunTime:0.001000s ]
INFO: Run Behavior\ParseTemplateBehavior [ RunTime:0.012000s ]
INFO: [ view_parse ] --END-- [ RunTime:0.012000s ]
INFO: [ view_filter ] --START--
INFO: Run Behavior\WriteHtmlCacheBehavior [ RunTime:0.001000s ]
INFO: [ view_filter ] --END-- [ RunTime:0.001000s ]
INFO: [ app_end ] --START--
INFO: Run Behavior\ShowPageTraceBehavior [ RunTime:0.001000s ]
INFO: [ app_end ] --END-- [ RunTime:0.001000s ]

[ 2016-12-11T15:10:15+08:00 ] ::1 /wish/index.php/Admin/Index/index.html
INFO: [ app_init ] --START--
INFO: Run Behavior\BuildLiteBehavior [ RunTime:0.001000s ]
INFO: [ app_init ] --END-- [ RunTime:0.001000s ]
INFO: [ app_begin ] --START--
INFO: Run Behavior\ReadHtmlCacheBehavior [ RunTime:0.001000s ]
INFO: [ app_begin ] --END-- [ RunTime:0.001000s ]
INFO: [ view_parse ] --START--
INFO: [ template_filter ] --START--
INFO: Run Behavior\ContentReplaceBehavior [ RunTime:0.000000s ]
INFO: [ template_filter ] --END-- [ RunTime:0.001000s ]
INFO: Run Behavior\ParseTemplateBehavior [ RunTime:0.016001s ]
INFO: [ view_parse ] --END-- [ RunTime:0.016001s ]
INFO: [ view_filter ] --START--
INFO: Run Behavior\WriteHtmlCacheBehavior [ RunTime:0.001000s ]
INFO: [ view_filter ] --END-- [ RunTime:0.001000s ]
INFO: [ app_end ] --START--
INFO: Run Behavior\ShowPageTraceBehavior [ RunTime:0.001001s ]
INFO: [ app_end ] --END-- [ RunTime:0.001001s ]

[ 2016-12-11T15:10:15+08:00 ] ::1 /wish/index.php/Admin/Rbac/addRole.html
INFO: [ app_init ] --START--
INFO: Run Behavior\BuildLiteBehavior [ RunTime:0.000000s ]
INFO: [ app_init ] --END-- [ RunTime:0.001000s ]
INFO: [ app_begin ] --START--
INFO: Run Behavior\ReadHtmlCacheBehavior [ RunTime:0.001000s ]
INFO: [ app_begin ] --END-- [ RunTime:0.001000s ]
INFO: [ view_parse ] --START--
INFO: [ template_filter ] --START--
INFO: Run Behavior\ContentReplaceBehavior [ RunTime:0.000000s ]
INFO: [ template_filter ] --END-- [ RunTime:0.000000s ]
INFO: Run Behavior\ParseTemplateBehavior [ RunTime:0.010001s ]
INFO: [ view_parse ] --END-- [ RunTime:0.011001s ]
INFO: [ view_filter ] --START--
INFO: Run Behavior\WriteHtmlCacheBehavior [ RunTime:0.001000s ]
INFO: [ view_filter ] --END-- [ RunTime:0.001000s ]
INFO: [ app_end ] --START--
INFO: Run Behavior\ShowPageTraceBehavior [ RunTime:0.001000s ]
INFO: [ app_end ] --END-- [ RunTime:0.002000s ]

[ 2016-12-11T15:10:16+08:00 ] ::1 /wish/index.php/Admin/Rbac/node.html
INFO: [ app_init ] --START--
INFO: Run Behavior\BuildLiteBehavior [ RunTime:0.001000s ]
INFO: [ app_init ] --END-- [ RunTime:0.001000s ]
INFO: [ app_begin ] --START--
INFO: Run Behavior\ReadHtmlCacheBehavior [ RunTime:0.000000s ]
INFO: [ app_begin ] --END-- [ RunTime:0.001000s ]
SQL: SHOW COLUMNS FROM `hd_node` [ RunTime:0.0030s ]
SQL: SELECT `id`,`name`,`title`,`pid` FROM `hd_node` ORDER BY sort  [ RunTime:0.0000s ]
INFO: [ view_parse ] --START--
INFO: [ template_filter ] --START--
INFO: Run Behavior\ContentReplaceBehavior [ RunTime:0.000000s ]
INFO: [ template_filter ] --END-- [ RunTime:0.000000s ]
NOTIC: [8] Use of undefined constant level - assumed 'level' C:\wamp\www\wish\Index\Runtime\Cache\Admin\27b9c0453f8f46782c35864c6387e9d9.php 第 22 行.
NOTIC: [8] Use of undefined constant title - assumed 'title' C:\wamp\www\wish\Index\Runtime\Cache\Admin\27b9c0453f8f46782c35864c6387e9d9.php 第 23 行.
NOTIC: [8] Use of undefined constant level - assumed 'level' C:\wamp\www\wish\Index\Runtime\Cache\Admin\27b9c0453f8f46782c35864c6387e9d9.php 第 30 行.
NOTIC: [8] Use of undefined constant title - assumed 'title' C:\wamp\www\wish\Index\Runtime\Cache\Admin\27b9c0453f8f46782c35864c6387e9d9.php 第 34 行.
NOTIC: [8] Use of undefined constant title - assumed 'title' C:\wamp\www\wish\Index\Runtime\Cache\Admin\27b9c0453f8f46782c35864c6387e9d9.php 第 34 行.
NOTIC: [8] Use of undefined constant title - assumed 'title' C:\wamp\www\wish\Index\Runtime\Cache\Admin\27b9c0453f8f46782c35864c6387e9d9.php 第 34 行.
NOTIC: [8] Use of undefined constant title - assumed 'title' C:\wamp\www\wish\Index\Runtime\Cache\Admin\27b9c0453f8f46782c35864c6387e9d9.php 第 34 行.
NOTIC: [8] Use of undefined constant level - assumed 'level' C:\wamp\www\wish\Index\Runtime\Cache\Admin\27b9c0453f8f46782c35864c6387e9d9.php 第 30 行.
NOTIC: [8] Use of undefined constant title - assumed 'title' C:\wamp\www\wish\Index\Runtime\Cache\Admin\27b9c0453f8f46782c35864c6387e9d9.php 第 34 行.
NOTIC: [8] Use of undefined constant title - assumed 'title' C:\wamp\www\wish\Index\Runtime\Cache\Admin\27b9c0453f8f46782c35864c6387e9d9.php 第 34 行.
NOTIC: [8] Use of undefined constant level - assumed 'level' C:\wamp\www\wish\Index\Runtime\Cache\Admin\27b9c0453f8f46782c35864c6387e9d9.php 第 30 行.
NOTIC: [8] Use of undefined constant title - assumed 'title' C:\wamp\www\wish\Index\Runtime\Cache\Admin\27b9c0453f8f46782c35864c6387e9d9.php 第 34 行.
NOTIC: [8] Use of undefined constant title - assumed 'title' C:\wamp\www\wish\Index\Runtime\Cache\Admin\27b9c0453f8f46782c35864c6387e9d9.php 第 34 行.
NOTIC: [8] Use of undefined constant level - assumed 'level' C:\wamp\www\wish\Index\Runtime\Cache\Admin\27b9c0453f8f46782c35864c6387e9d9.php 第 22 行.
NOTIC: [8] Use of undefined constant title - assumed 'title' C:\wamp\www\wish\Index\Runtime\Cache\Admin\27b9c0453f8f46782c35864c6387e9d9.php 第 23 行.
NOTIC: [8] Use of undefined constant level - assumed 'level' C:\wamp\www\wish\Index\Runtime\Cache\Admin\27b9c0453f8f46782c35864c6387e9d9.php 第 22 行.
NOTIC: [8] Use of undefined constant title - assumed 'title' C:\wamp\www\wish\Index\Runtime\Cache\Admin\27b9c0453f8f46782c35864c6387e9d9.php 第 23 行.
INFO: Run Behavior\ParseTemplateBehavior [ RunTime:0.033002s ]
INFO: [ view_parse ] --END-- [ RunTime:0.033002s ]
INFO: [ view_filter ] --START--
INFO: Run Behavior\WriteHtmlCacheBehavior [ RunTime:0.001000s ]
INFO: [ view_filter ] --END-- [ RunTime:0.001000s ]
INFO: [ app_end ] --START--
INFO: Run Behavior\ShowPageTraceBehavior [ RunTime:0.001000s ]
INFO: [ app_end ] --END-- [ RunTime:0.002000s ]

[ 2016-12-11T15:10:16+08:00 ] ::1 /wish/index.php/Admin/Rbac/role.html
INFO: [ app_init ] --START--
INFO: Run Behavior\BuildLiteBehavior [ RunTime:0.000000s ]
INFO: [ app_init ] --END-- [ RunTime:0.001000s ]
INFO: [ app_begin ] --START--
INFO: Run Behavior\ReadHtmlCacheBehavior [ RunTime:0.002001s ]
INFO: [ app_begin ] --END-- [ RunTime:0.002001s ]
SQL: SHOW COLUMNS FROM `hd_role` [ RunTime:0.0040s ]
SQL: SELECT * FROM `hd_role`  [ RunTime:0.0000s ]
INFO: [ view_parse ] --START--
INFO: [ template_filter ] --START--
INFO: Run Behavior\ContentReplaceBehavior [ RunTime:0.000000s ]
INFO: [ template_filter ] --END-- [ RunTime:0.000000s ]
INFO: Run Behavior\ParseTemplateBehavior [ RunTime:0.015001s ]
INFO: [ view_parse ] --END-- [ RunTime:0.015001s ]
INFO: [ view_filter ] --START--
INFO: Run Behavior\WriteHtmlCacheBehavior [ RunTime:0.000000s ]
INFO: [ view_filter ] --END-- [ RunTime:0.001000s ]
INFO: [ app_end ] --START--
INFO: Run Behavior\ShowPageTraceBehavior [ RunTime:0.001000s ]
INFO: [ app_end ] --END-- [ RunTime:0.001000s ]

[ 2016-12-11T15:10:17+08:00 ] ::1 /wish/index.php/Admin/Rbac/index.html
INFO: [ app_init ] --START--
INFO: Run Behavior\BuildLiteBehavior [ RunTime:0.000000s ]
INFO: [ app_init ] --END-- [ RunTime:0.001000s ]
INFO: [ app_begin ] --START--
INFO: Run Behavior\ReadHtmlCacheBehavior [ RunTime:0.001000s ]
INFO: [ app_begin ] --END-- [ RunTime:0.001000s ]
SQL: SHOW COLUMNS FROM `hd_user` [ RunTime:0.0030s ]
SQL: SELECT `id`,`username`,`logintime`,`loginip`,`locke` FROM `hd_user`  [ RunTime:0.0010s ]
SQL: SHOW COLUMNS FROM `hd_role` [ RunTime:0.0040s ]
NOTIC: [8] Undefined index: mapping_order C:\wamp\www\wish\ThinkPHP\Library\Think\Model\RelationModel.class.php 第 186 行.
NOTIC: [8] Undefined index: mapping_limit C:\wamp\www\wish\ThinkPHP\Library\Think\Model\RelationModel.class.php 第 187 行.
NOTIC: [8] Undefined index: relation_foreign_key C:\wamp\www\wish\ThinkPHP\Library\Think\Model\RelationModel.class.php 第 188 行.
SQL: SELECT b.id,name,remark FROM hd_role_user AS a, hd_role AS b WHERE a.role_id = b.id AND a. user_id='1' [ RunTime:0.0000s ]
NOTIC: [8] Undefined index: mapping_order C:\wamp\www\wish\ThinkPHP\Library\Think\Model\RelationModel.class.php 第 186 行.
NOTIC: [8] Undefined index: mapping_limit C:\wamp\www\wish\ThinkPHP\Library\Think\Model\RelationModel.class.php 第 187 行.
NOTIC: [8] Undefined index: relation_foreign_key C:\wamp\www\wish\ThinkPHP\Library\Think\Model\RelationModel.class.php 第 188 行.
SQL: SELECT b.id,name,remark FROM hd_role_user AS a, hd_role AS b WHERE a.role_id = b.id AND a. user_id='5' [ RunTime:0.0000s ]
NOTIC: [8] Undefined index: mapping_order C:\wamp\www\wish\ThinkPHP\Library\Think\Model\RelationModel.class.php 第 186 行.
NOTIC: [8] Undefined index: mapping_limit C:\wamp\www\wish\ThinkPHP\Library\Think\Model\RelationModel.class.php 第 187 行.
NOTIC: [8] Undefined index: relation_foreign_key C:\wamp\www\wish\ThinkPHP\Library\Think\Model\RelationModel.class.php 第 188 行.
SQL: SELECT b.id,name,remark FROM hd_role_user AS a, hd_role AS b WHERE a.role_id = b.id AND a. user_id='4' [ RunTime:0.0000s ]
NOTIC: [8] Undefined index: mapping_order C:\wamp\www\wish\ThinkPHP\Library\Think\Model\RelationModel.class.php 第 186 行.
NOTIC: [8] Undefined index: mapping_limit C:\wamp\www\wish\ThinkPHP\Library\Think\Model\RelationModel.class.php 第 187 行.
NOTIC: [8] Undefined index: relation_foreign_key C:\wamp\www\wish\ThinkPHP\Library\Think\Model\RelationModel.class.php 第 188 行.
SQL: SELECT b.id,name,remark FROM hd_role_user AS a, hd_role AS b WHERE a.role_id = b.id AND a. user_id='6' [ RunTime:0.0000s ]
NOTIC: [8] Undefined index: mapping_order C:\wamp\www\wish\ThinkPHP\Library\Think\Model\RelationModel.class.php 第 186 行.
NOTIC: [8] Undefined index: mapping_limit C:\wamp\www\wish\ThinkPHP\Library\Think\Model\RelationModel.class.php 第 187 行.
NOTIC: [8] Undefined index: relation_foreign_key C:\wamp\www\wish\ThinkPHP\Library\Think\Model\RelationModel.class.php 第 188 行.
SQL: SELECT b.id,name,remark FROM hd_role_user AS a, hd_role AS b WHERE a.role_id = b.id AND a. user_id='7' [ RunTime:0.0000s ]
NOTIC: [8] Undefined index: mapping_order C:\wamp\www\wish\ThinkPHP\Library\Think\Model\RelationModel.class.php 第 186 行.
NOTIC: [8] Undefined index: mapping_limit C:\wamp\www\wish\ThinkPHP\Library\Think\Model\RelationModel.class.php 第 187 行.
NOTIC: [8] Undefined index: relation_foreign_key C:\wamp\www\wish\ThinkPHP\Library\Think\Model\RelationModel.class.php 第 188 行.
SQL: SELECT b.id,name,remark FROM hd_role_user AS a, hd_role AS b WHERE a.role_id = b.id AND a. user_id='8' [ RunTime:0.0000s ]
NOTIC: [8] Undefined index: mapping_order C:\wamp\www\wish\ThinkPHP\Library\Think\Model\RelationModel.class.php 第 186 行.
NOTIC: [8] Undefined index: mapping_limit C:\wamp\www\wish\ThinkPHP\Library\Think\Model\RelationModel.class.php 第 187 行.
NOTIC: [8] Undefined index: relation_foreign_key C:\wamp\www\wish\ThinkPHP\Library\Think\Model\RelationModel.class.php 第 188 行.
SQL: SELECT b.id,name,remark FROM hd_role_user AS a, hd_role AS b WHERE a.role_id = b.id AND a. user_id='9' [ RunTime:0.0010s ]
NOTIC: [8] Undefined index: mapping_order C:\wamp\www\wish\ThinkPHP\Library\Think\Model\RelationModel.class.php 第 186 行.
NOTIC: [8] Undefined index: mapping_limit C:\wamp\www\wish\ThinkPHP\Library\Think\Model\RelationModel.class.php 第 187 行.
NOTIC: [8] Undefined index: relation_foreign_key C:\wamp\www\wish\ThinkPHP\Library\Think\Model\RelationModel.class.php 第 188 行.
SQL: SELECT b.id,name,remark FROM hd_role_user AS a, hd_role AS b WHERE a.role_id = b.id AND a. user_id='10' [ RunTime:0.0010s ]
NOTIC: [8] Undefined index: mapping_order C:\wamp\www\wish\ThinkPHP\Library\Think\Model\RelationModel.class.php 第 186 行.
NOTIC: [8] Undefined index: mapping_limit C:\wamp\www\wish\ThinkPHP\Library\Think\Model\RelationModel.class.php 第 187 行.
NOTIC: [8] Undefined index: relation_foreign_key C:\wamp\www\wish\ThinkPHP\Library\Think\Model\RelationModel.class.php 第 188 行.
SQL: SELECT b.id,name,remark FROM hd_role_user AS a, hd_role AS b WHERE a.role_id = b.id AND a. user_id='11' [ RunTime:0.0000s ]
INFO: [ view_parse ] --START--
INFO: [ template_filter ] --START--
INFO: Run Behavior\ContentReplaceBehavior [ RunTime:0.001001s ]
INFO: [ template_filter ] --END-- [ RunTime:0.001001s ]
NOTIC: [8] Use of undefined constant locke - assumed 'locke' C:\wamp\www\wish\Index\Runtime\Cache\Admin\a3d0556c8aee279629c742d6fa32dd52.php 第 26 行.
NOTIC: [8] Use of undefined constant locke - assumed 'locke' C:\wamp\www\wish\Index\Runtime\Cache\Admin\a3d0556c8aee279629c742d6fa32dd52.php 第 26 行.
NOTIC: [8] Use of undefined constant locke - assumed 'locke' C:\wamp\www\wish\Index\Runtime\Cache\Admin\a3d0556c8aee279629c742d6fa32dd52.php 第 26 行.
NOTIC: [8] Use of undefined constant locke - assumed 'locke' C:\wamp\www\wish\Index\Runtime\Cache\Admin\a3d0556c8aee279629c742d6fa32dd52.php 第 26 行.
NOTIC: [8] Use of undefined constant locke - assumed 'locke' C:\wamp\www\wish\Index\Runtime\Cache\Admin\a3d0556c8aee279629c742d6fa32dd52.php 第 26 行.
NOTIC: [8] Use of undefined constant locke - assumed 'locke' C:\wamp\www\wish\Index\Runtime\Cache\Admin\a3d0556c8aee279629c742d6fa32dd52.php 第 26 行.
NOTIC: [8] Use of undefined constant locke - assumed 'locke' C:\wamp\www\wish\Index\Runtime\Cache\Admin\a3d0556c8aee279629c742d6fa32dd52.php 第 26 行.
NOTIC: [8] Use of undefined constant locke - assumed 'locke' C:\wamp\www\wish\Index\Runtime\Cache\Admin\a3d0556c8aee279629c742d6fa32dd52.php 第 26 行.
NOTIC: [8] Use of undefined constant locke - assumed 'locke' C:\wamp\www\wish\Index\Runtime\Cache\Admin\a3d0556c8aee279629c742d6fa32dd52.php 第 26 行.
INFO: Run Behavior\ParseTemplateBehavior [ RunTime:0.019001s ]
INFO: [ view_parse ] --END-- [ RunTime:0.019001s ]
INFO: [ view_filter ] --START--
INFO: Run Behavior\WriteHtmlCacheBehavior [ RunTime:0.001000s ]
INFO: [ view_filter ] --END-- [ RunTime:0.001000s ]
INFO: [ app_end ] --START--
INFO: Run Behavior\ShowPageTraceBehavior [ RunTime:0.001000s ]
INFO: [ app_end ] --END-- [ RunTime:0.001000s ]

