[ 2016-12-28T14:03:19+08:00 ] ::1 /wish/index.php/admin
INFO: [ app_init ] --START--
INFO: Run Behavior\BuildLiteBehavior [ RunTime:0.000000s ]
INFO: [ app_init ] --END-- [ RunTime:0.001000s ]
INFO: [ app_begin ] --START--
INFO: Run Behavior\ReadHtmlCacheBehavior [ RunTime:0.001000s ]
INFO: [ app_begin ] --END-- [ RunTime:0.001000s ]

[ 2016-12-28T14:03:19+08:00 ] ::1 /wish/index.php/Admin/Login/index.html
INFO: [ app_init ] --START--
INFO: Run Behavior\BuildLiteBehavior [ RunTime:0.000000s ]
INFO: [ app_init ] --END-- [ RunTime:0.001000s ]
INFO: [ app_begin ] --START--
INFO: Run Behavior\ReadHtmlCacheBehavior [ RunTime:0.001000s ]
INFO: [ app_begin ] --END-- [ RunTime:0.001000s ]
INFO: [ view_parse ] --START--
INFO: [ template_filter ] --START--
INFO: Run Behavior\ContentReplaceBehavior [ RunTime:0.000000s ]
INFO: [ template_filter ] --END-- [ RunTime:0.001000s ]
INFO: Run Behavior\ParseTemplateBehavior [ RunTime:0.070004s ]
INFO: [ view_parse ] --END-- [ RunTime:0.070004s ]
INFO: [ view_filter ] --START--
INFO: Run Behavior\WriteHtmlCacheBehavior [ RunTime:0.001000s ]
INFO: [ view_filter ] --END-- [ RunTime:0.001000s ]
INFO: [ app_end ] --START--
INFO: Run Behavior\ShowPageTraceBehavior [ RunTime:0.001000s ]
INFO: [ app_end ] --END-- [ RunTime:0.001000s ]

[ 2016-12-28T14:03:20+08:00 ] ::1 /wish/index.php/Admin/Login/verify.html
INFO: [ app_init ] --START--
INFO: Run Behavior\BuildLiteBehavior [ RunTime:0.000000s ]
INFO: [ app_init ] --END-- [ RunTime:0.001000s ]
INFO: [ app_begin ] --START--
INFO: Run Behavior\ReadHtmlCacheBehavior [ RunTime:0.000000s ]
INFO: [ app_begin ] --END-- [ RunTime:0.002001s ]
INFO: [ app_end ] --START--
INFO: Run Behavior\ShowPageTraceBehavior [ RunTime:0.001000s ]
INFO: [ app_end ] --END-- [ RunTime:0.002000s ]

[ 2016-12-28T14:03:22+08:00 ] ::1 /wish/index.php/Admin/Login/index.html
INFO: [ app_init ] --START--
INFO: Run Behavior\BuildLiteBehavior [ RunTime:0.000000s ]
INFO: [ app_init ] --END-- [ RunTime:0.001000s ]
INFO: [ app_begin ] --START--
INFO: Run Behavior\ReadHtmlCacheBehavior [ RunTime:0.000000s ]
INFO: [ app_begin ] --END-- [ RunTime:0.001000s ]
INFO: [ view_parse ] --START--
INFO: [ template_filter ] --START--
INFO: Run Behavior\ContentReplaceBehavior [ RunTime:0.000000s ]
INFO: [ template_filter ] --END-- [ RunTime:0.000000s ]
INFO: Run Behavior\ParseTemplateBehavior [ RunTime:0.014001s ]
INFO: [ view_parse ] --END-- [ RunTime:0.015001s ]
INFO: [ view_filter ] --START--
INFO: Run Behavior\WriteHtmlCacheBehavior [ RunTime:0.001000s ]
INFO: [ view_filter ] --END-- [ RunTime:0.001000s ]
INFO: [ app_end ] --START--
INFO: Run Behavior\ShowPageTraceBehavior [ RunTime:0.000000s ]
INFO: [ app_end ] --END-- [ RunTime:0.002000s ]

[ 2016-12-28T14:03:22+08:00 ] ::1 /wish/index.php/Admin/Login/verify.html
INFO: [ app_init ] --START--
INFO: Run Behavior\BuildLiteBehavior [ RunTime:0.000000s ]
INFO: [ app_init ] --END-- [ RunTime:0.000000s ]
INFO: [ app_begin ] --START--
INFO: Run Behavior\ReadHtmlCacheBehavior [ RunTime:0.001000s ]
INFO: [ app_begin ] --END-- [ RunTime:0.001000s ]
INFO: [ app_end ] --START--
INFO: Run Behavior\ShowPageTraceBehavior [ RunTime:0.001000s ]
INFO: [ app_end ] --END-- [ RunTime:0.001000s ]

[ 2016-12-28T14:03:22+08:00 ] ::1 /wish/index.php/Admin/Login/index.html
INFO: [ app_init ] --START--
INFO: Run Behavior\BuildLiteBehavior [ RunTime:0.000000s ]
INFO: [ app_init ] --END-- [ RunTime:0.000000s ]
INFO: [ app_begin ] --START--
INFO: Run Behavior\ReadHtmlCacheBehavior [ RunTime:0.000000s ]
INFO: [ app_begin ] --END-- [ RunTime:0.000000s ]
INFO: [ view_parse ] --START--
INFO: [ template_filter ] --START--
INFO: Run Behavior\ContentReplaceBehavior [ RunTime:0.000000s ]
INFO: [ template_filter ] --END-- [ RunTime:0.000000s ]
INFO: Run Behavior\ParseTemplateBehavior [ RunTime:0.024600s ]
INFO: [ view_parse ] --END-- [ RunTime:0.024600s ]
INFO: [ view_filter ] --START--
INFO: Run Behavior\WriteHtmlCacheBehavior [ RunTime:0.001000s ]
INFO: [ view_filter ] --END-- [ RunTime:0.001000s ]
INFO: [ app_end ] --START--
INFO: Run Behavior\ShowPageTraceBehavior [ RunTime:0.001000s ]
INFO: [ app_end ] --END-- [ RunTime:0.001000s ]

[ 2016-12-28T14:03:22+08:00 ] ::1 /wish/index.php/Admin/Login/verify.html
INFO: [ app_init ] --START--
INFO: Run Behavior\BuildLiteBehavior [ RunTime:0.000000s ]
INFO: [ app_init ] --END-- [ RunTime:0.001000s ]
INFO: [ app_begin ] --START--
INFO: Run Behavior\ReadHtmlCacheBehavior [ RunTime:0.000000s ]
INFO: [ app_begin ] --END-- [ RunTime:0.001000s ]
INFO: [ app_end ] --START--
INFO: Run Behavior\ShowPageTraceBehavior [ RunTime:0.000000s ]
INFO: [ app_end ] --END-- [ RunTime:0.002000s ]

[ 2016-12-28T14:03:23+08:00 ] ::1 /wish/index.php/Admin/Login/index.html
INFO: [ app_init ] --START--
INFO: Run Behavior\BuildLiteBehavior [ RunTime:0.000000s ]
INFO: [ app_init ] --END-- [ RunTime:0.000000s ]
INFO: [ app_begin ] --START--
INFO: Run Behavior\ReadHtmlCacheBehavior [ RunTime:0.001000s ]
INFO: [ app_begin ] --END-- [ RunTime:0.001000s ]
INFO: [ view_parse ] --START--
INFO: [ template_filter ] --START--
INFO: Run Behavior\ContentReplaceBehavior [ RunTime:0.000000s ]
INFO: [ template_filter ] --END-- [ RunTime:0.000000s ]
INFO: Run Behavior\ParseTemplateBehavior [ RunTime:0.011001s ]
INFO: [ view_parse ] --END-- [ RunTime:0.011001s ]
INFO: [ view_filter ] --START--
INFO: Run Behavior\WriteHtmlCacheBehavior [ RunTime:0.001000s ]
INFO: [ view_filter ] --END-- [ RunTime:0.001000s ]
INFO: [ app_end ] --START--
INFO: Run Behavior\ShowPageTraceBehavior [ RunTime:0.001000s ]
INFO: [ app_end ] --END-- [ RunTime:0.001000s ]

[ 2016-12-28T14:03:23+08:00 ] ::1 /wish/index.php/Admin/Login/verify.html
INFO: [ app_init ] --START--
INFO: Run Behavior\BuildLiteBehavior [ RunTime:0.000000s ]
INFO: [ app_init ] --END-- [ RunTime:0.001000s ]
INFO: [ app_begin ] --START--
INFO: Run Behavior\ReadHtmlCacheBehavior [ RunTime:0.000000s ]
INFO: [ app_begin ] --END-- [ RunTime:0.001000s ]
INFO: [ app_end ] --START--
INFO: Run Behavior\ShowPageTraceBehavior [ RunTime:0.001000s ]
INFO: [ app_end ] --END-- [ RunTime:0.002000s ]

[ 2016-12-28T14:03:30+08:00 ] ::1 /wish/index.php/Admin/Login/login.html
INFO: [ app_init ] --START--
INFO: Run Behavior\BuildLiteBehavior [ RunTime:0.000000s ]
INFO: [ app_init ] --END-- [ RunTime:0.000000s ]
INFO: [ app_begin ] --START--
INFO: Run Behavior\ReadHtmlCacheBehavior [ RunTime:0.001000s ]
INFO: [ app_begin ] --END-- [ RunTime:0.001000s ]
SQL: SHOW COLUMNS FROM `hd_user` [ RunTime:0.0610s ]
NOTIC: [8] Use of undefined constant username - assumed 'username' C:\wamp\www\wish\Index\Admin\Controller\LoginController.class.php 第 23 行.
SQL: SELECT * FROM `hd_user` WHERE `username` = 'admin' LIMIT 1   [ RunTime:0.0360s ]
NOTIC: [8] Use of undefined constant password - assumed 'password' C:\wamp\www\wish\Index\Admin\Controller\LoginController.class.php 第 25 行.
SQL: UPDATE `hd_user` SET `logintime`='1482905010',`loginip`='0.0.0.0' WHERE `id` = 1 [ RunTime:0.0000s ]

[ 2016-12-28T14:03:30+08:00 ] ::1 /wish/index.php/Admin/Index/index.html
INFO: [ app_init ] --START--
INFO: Run Behavior\BuildLiteBehavior [ RunTime:0.000000s ]
INFO: [ app_init ] --END-- [ RunTime:0.000000s ]
INFO: [ app_begin ] --START--
INFO: Run Behavior\ReadHtmlCacheBehavior [ RunTime:0.001000s ]
INFO: [ app_begin ] --END-- [ RunTime:0.001000s ]
INFO: [ view_parse ] --START--
INFO: [ template_filter ] --START--
INFO: Run Behavior\ContentReplaceBehavior [ RunTime:0.000000s ]
INFO: [ template_filter ] --END-- [ RunTime:0.000000s ]
INFO: Run Behavior\ParseTemplateBehavior [ RunTime:0.022001s ]
INFO: [ view_parse ] --END-- [ RunTime:0.022001s ]
INFO: [ view_filter ] --START--
INFO: Run Behavior\WriteHtmlCacheBehavior [ RunTime:0.001000s ]
INFO: [ view_filter ] --END-- [ RunTime:0.001000s ]
INFO: [ app_end ] --START--
INFO: Run Behavior\ShowPageTraceBehavior [ RunTime:0.000000s ]
INFO: [ app_end ] --END-- [ RunTime:0.002001s ]

[ 2016-12-28T14:03:32+08:00 ] ::1 /wish/index.php/Admin/Rbac/index.html
INFO: [ app_init ] --START--
INFO: Run Behavior\BuildLiteBehavior [ RunTime:0.000000s ]
INFO: [ app_init ] --END-- [ RunTime:0.000000s ]
INFO: [ app_begin ] --START--
INFO: Run Behavior\ReadHtmlCacheBehavior [ RunTime:0.001000s ]
INFO: [ app_begin ] --END-- [ RunTime:0.001000s ]
SQL: SHOW COLUMNS FROM `hd_user` [ RunTime:0.0030s ]
SQL: SELECT `id`,`username`,`logintime`,`loginip`,`locke` FROM `hd_user`  [ RunTime:0.0010s ]
SQL: SHOW COLUMNS FROM `hd_role` [ RunTime:0.0560s ]
NOTIC: [8] Undefined index: mapping_order C:\wamp\www\wish\ThinkPHP\Library\Think\Model\RelationModel.class.php 第 186 行.
NOTIC: [8] Undefined index: mapping_limit C:\wamp\www\wish\ThinkPHP\Library\Think\Model\RelationModel.class.php 第 187 行.
NOTIC: [8] Undefined index: relation_foreign_key C:\wamp\www\wish\ThinkPHP\Library\Think\Model\RelationModel.class.php 第 188 行.
SQL: SELECT b.id,name,remark FROM hd_role_user AS a, hd_role AS b WHERE a.role_id = b.id AND a. user_id='1' [ RunTime:0.0200s ]
NOTIC: [8] Undefined index: mapping_order C:\wamp\www\wish\ThinkPHP\Library\Think\Model\RelationModel.class.php 第 186 行.
NOTIC: [8] Undefined index: mapping_limit C:\wamp\www\wish\ThinkPHP\Library\Think\Model\RelationModel.class.php 第 187 行.
NOTIC: [8] Undefined index: relation_foreign_key C:\wamp\www\wish\ThinkPHP\Library\Think\Model\RelationModel.class.php 第 188 行.
SQL: SELECT b.id,name,remark FROM hd_role_user AS a, hd_role AS b WHERE a.role_id = b.id AND a. user_id='5' [ RunTime:0.0010s ]
NOTIC: [8] Undefined index: mapping_order C:\wamp\www\wish\ThinkPHP\Library\Think\Model\RelationModel.class.php 第 186 行.
NOTIC: [8] Undefined index: mapping_limit C:\wamp\www\wish\ThinkPHP\Library\Think\Model\RelationModel.class.php 第 187 行.
NOTIC: [8] Undefined index: relation_foreign_key C:\wamp\www\wish\ThinkPHP\Library\Think\Model\RelationModel.class.php 第 188 行.
SQL: SELECT b.id,name,remark FROM hd_role_user AS a, hd_role AS b WHERE a.role_id = b.id AND a. user_id='4' [ RunTime:0.0000s ]
NOTIC: [8] Undefined index: mapping_order C:\wamp\www\wish\ThinkPHP\Library\Think\Model\RelationModel.class.php 第 186 行.
NOTIC: [8] Undefined index: mapping_limit C:\wamp\www\wish\ThinkPHP\Library\Think\Model\RelationModel.class.php 第 187 行.
NOTIC: [8] Undefined index: relation_foreign_key C:\wamp\www\wish\ThinkPHP\Library\Think\Model\RelationModel.class.php 第 188 行.
SQL: SELECT b.id,name,remark FROM hd_role_user AS a, hd_role AS b WHERE a.role_id = b.id AND a. user_id='6' [ RunTime:0.0100s ]
NOTIC: [8] Undefined index: mapping_order C:\wamp\www\wish\ThinkPHP\Library\Think\Model\RelationModel.class.php 第 186 行.
NOTIC: [8] Undefined index: mapping_limit C:\wamp\www\wish\ThinkPHP\Library\Think\Model\RelationModel.class.php 第 187 行.
NOTIC: [8] Undefined index: relation_foreign_key C:\wamp\www\wish\ThinkPHP\Library\Think\Model\RelationModel.class.php 第 188 行.
SQL: SELECT b.id,name,remark FROM hd_role_user AS a, hd_role AS b WHERE a.role_id = b.id AND a. user_id='7' [ RunTime:0.0010s ]
NOTIC: [8] Undefined index: mapping_order C:\wamp\www\wish\ThinkPHP\Library\Think\Model\RelationModel.class.php 第 186 行.
NOTIC: [8] Undefined index: mapping_limit C:\wamp\www\wish\ThinkPHP\Library\Think\Model\RelationModel.class.php 第 187 行.
NOTIC: [8] Undefined index: relation_foreign_key C:\wamp\www\wish\ThinkPHP\Library\Think\Model\RelationModel.class.php 第 188 行.
SQL: SELECT b.id,name,remark FROM hd_role_user AS a, hd_role AS b WHERE a.role_id = b.id AND a. user_id='8' [ RunTime:0.0010s ]
NOTIC: [8] Undefined index: mapping_order C:\wamp\www\wish\ThinkPHP\Library\Think\Model\RelationModel.class.php 第 186 行.
NOTIC: [8] Undefined index: mapping_limit C:\wamp\www\wish\ThinkPHP\Library\Think\Model\RelationModel.class.php 第 187 行.
NOTIC: [8] Undefined index: relation_foreign_key C:\wamp\www\wish\ThinkPHP\Library\Think\Model\RelationModel.class.php 第 188 行.
SQL: SELECT b.id,name,remark FROM hd_role_user AS a, hd_role AS b WHERE a.role_id = b.id AND a. user_id='9' [ RunTime:0.0010s ]
NOTIC: [8] Undefined index: mapping_order C:\wamp\www\wish\ThinkPHP\Library\Think\Model\RelationModel.class.php 第 186 行.
NOTIC: [8] Undefined index: mapping_limit C:\wamp\www\wish\ThinkPHP\Library\Think\Model\RelationModel.class.php 第 187 行.
NOTIC: [8] Undefined index: relation_foreign_key C:\wamp\www\wish\ThinkPHP\Library\Think\Model\RelationModel.class.php 第 188 行.
SQL: SELECT b.id,name,remark FROM hd_role_user AS a, hd_role AS b WHERE a.role_id = b.id AND a. user_id='10' [ RunTime:0.0010s ]
NOTIC: [8] Undefined index: mapping_order C:\wamp\www\wish\ThinkPHP\Library\Think\Model\RelationModel.class.php 第 186 行.
NOTIC: [8] Undefined index: mapping_limit C:\wamp\www\wish\ThinkPHP\Library\Think\Model\RelationModel.class.php 第 187 行.
NOTIC: [8] Undefined index: relation_foreign_key C:\wamp\www\wish\ThinkPHP\Library\Think\Model\RelationModel.class.php 第 188 行.
SQL: SELECT b.id,name,remark FROM hd_role_user AS a, hd_role AS b WHERE a.role_id = b.id AND a. user_id='11' [ RunTime:0.0000s ]
NOTIC: [8] Undefined index: mapping_order C:\wamp\www\wish\ThinkPHP\Library\Think\Model\RelationModel.class.php 第 186 行.
NOTIC: [8] Undefined index: mapping_limit C:\wamp\www\wish\ThinkPHP\Library\Think\Model\RelationModel.class.php 第 187 行.
NOTIC: [8] Undefined index: relation_foreign_key C:\wamp\www\wish\ThinkPHP\Library\Think\Model\RelationModel.class.php 第 188 行.
SQL: SELECT b.id,name,remark FROM hd_role_user AS a, hd_role AS b WHERE a.role_id = b.id AND a. user_id='12' [ RunTime:0.0000s ]
NOTIC: [8] Undefined index: mapping_order C:\wamp\www\wish\ThinkPHP\Library\Think\Model\RelationModel.class.php 第 186 行.
NOTIC: [8] Undefined index: mapping_limit C:\wamp\www\wish\ThinkPHP\Library\Think\Model\RelationModel.class.php 第 187 行.
NOTIC: [8] Undefined index: relation_foreign_key C:\wamp\www\wish\ThinkPHP\Library\Think\Model\RelationModel.class.php 第 188 行.
SQL: SELECT b.id,name,remark FROM hd_role_user AS a, hd_role AS b WHERE a.role_id = b.id AND a. user_id='13' [ RunTime:0.0000s ]
NOTIC: [8] Undefined index: mapping_order C:\wamp\www\wish\ThinkPHP\Library\Think\Model\RelationModel.class.php 第 186 行.
NOTIC: [8] Undefined index: mapping_limit C:\wamp\www\wish\ThinkPHP\Library\Think\Model\RelationModel.class.php 第 187 行.
NOTIC: [8] Undefined index: relation_foreign_key C:\wamp\www\wish\ThinkPHP\Library\Think\Model\RelationModel.class.php 第 188 行.
SQL: SELECT b.id,name,remark FROM hd_role_user AS a, hd_role AS b WHERE a.role_id = b.id AND a. user_id='14' [ RunTime:0.0010s ]
NOTIC: [8] Undefined index: mapping_order C:\wamp\www\wish\ThinkPHP\Library\Think\Model\RelationModel.class.php 第 186 行.
NOTIC: [8] Undefined index: mapping_limit C:\wamp\www\wish\ThinkPHP\Library\Think\Model\RelationModel.class.php 第 187 行.
NOTIC: [8] Undefined index: relation_foreign_key C:\wamp\www\wish\ThinkPHP\Library\Think\Model\RelationModel.class.php 第 188 行.
SQL: SELECT b.id,name,remark FROM hd_role_user AS a, hd_role AS b WHERE a.role_id = b.id AND a. user_id='15' [ RunTime:0.0000s ]
INFO: [ view_parse ] --START--
INFO: [ template_filter ] --START--
INFO: Run Behavior\ContentReplaceBehavior [ RunTime:0.000000s ]
INFO: [ template_filter ] --END-- [ RunTime:0.001000s ]
NOTIC: [8] Use of undefined constant locke - assumed 'locke' C:\wamp\www\wish\Index\Runtime\Cache\Admin\a3d0556c8aee279629c742d6fa32dd52.php 第 26 行.
NOTIC: [8] Use of undefined constant locke - assumed 'locke' C:\wamp\www\wish\Index\Runtime\Cache\Admin\a3d0556c8aee279629c742d6fa32dd52.php 第 26 行.
NOTIC: [8] Use of undefined constant locke - assumed 'locke' C:\wamp\www\wish\Index\Runtime\Cache\Admin\a3d0556c8aee279629c742d6fa32dd52.php 第 26 行.
NOTIC: [8] Use of undefined constant locke - assumed 'locke' C:\wamp\www\wish\Index\Runtime\Cache\Admin\a3d0556c8aee279629c742d6fa32dd52.php 第 26 行.
NOTIC: [8] Use of undefined constant locke - assumed 'locke' C:\wamp\www\wish\Index\Runtime\Cache\Admin\a3d0556c8aee279629c742d6fa32dd52.php 第 26 行.
NOTIC: [8] Use of undefined constant locke - assumed 'locke' C:\wamp\www\wish\Index\Runtime\Cache\Admin\a3d0556c8aee279629c742d6fa32dd52.php 第 26 行.
NOTIC: [8] Use of undefined constant locke - assumed 'locke' C:\wamp\www\wish\Index\Runtime\Cache\Admin\a3d0556c8aee279629c742d6fa32dd52.php 第 26 行.
NOTIC: [8] Use of undefined constant locke - assumed 'locke' C:\wamp\www\wish\Index\Runtime\Cache\Admin\a3d0556c8aee279629c742d6fa32dd52.php 第 26 行.
NOTIC: [8] Use of undefined constant locke - assumed 'locke' C:\wamp\www\wish\Index\Runtime\Cache\Admin\a3d0556c8aee279629c742d6fa32dd52.php 第 26 行.
NOTIC: [8] Use of undefined constant locke - assumed 'locke' C:\wamp\www\wish\Index\Runtime\Cache\Admin\a3d0556c8aee279629c742d6fa32dd52.php 第 26 行.
NOTIC: [8] Use of undefined constant locke - assumed 'locke' C:\wamp\www\wish\Index\Runtime\Cache\Admin\a3d0556c8aee279629c742d6fa32dd52.php 第 26 行.
NOTIC: [8] Use of undefined constant locke - assumed 'locke' C:\wamp\www\wish\Index\Runtime\Cache\Admin\a3d0556c8aee279629c742d6fa32dd52.php 第 26 行.
NOTIC: [8] Use of undefined constant locke - assumed 'locke' C:\wamp\www\wish\Index\Runtime\Cache\Admin\a3d0556c8aee279629c742d6fa32dd52.php 第 26 行.
INFO: Run Behavior\ParseTemplateBehavior [ RunTime:0.029001s ]
INFO: [ view_parse ] --END-- [ RunTime:0.029001s ]
INFO: [ view_filter ] --START--
INFO: Run Behavior\WriteHtmlCacheBehavior [ RunTime:0.000000s ]
INFO: [ view_filter ] --END-- [ RunTime:0.000000s ]
INFO: [ app_end ] --START--
INFO: Run Behavior\ShowPageTraceBehavior [ RunTime:0.001000s ]
INFO: [ app_end ] --END-- [ RunTime:0.001000s ]

[ 2016-12-28T14:03:32+08:00 ] ::1 /wish/index.php/Admin/Rbac/addUser.html
INFO: [ app_init ] --START--
INFO: Run Behavior\BuildLiteBehavior [ RunTime:0.000000s ]
INFO: [ app_init ] --END-- [ RunTime:0.000000s ]
INFO: [ app_begin ] --START--
INFO: Run Behavior\ReadHtmlCacheBehavior [ RunTime:0.000000s ]
INFO: [ app_begin ] --END-- [ RunTime:0.000000s ]
SQL: SHOW COLUMNS FROM `hd_role` [ RunTime:0.0040s ]
SQL: SELECT * FROM `hd_role`  [ RunTime:0.0000s ]
INFO: [ view_parse ] --START--
INFO: [ template_filter ] --START--
INFO: Run Behavior\ContentReplaceBehavior [ RunTime:0.000000s ]
INFO: [ template_filter ] --END-- [ RunTime:0.000000s ]
INFO: Run Behavior\ParseTemplateBehavior [ RunTime:0.032001s ]
INFO: [ view_parse ] --END-- [ RunTime:0.032001s ]
INFO: [ view_filter ] --START--
INFO: Run Behavior\WriteHtmlCacheBehavior [ RunTime:0.000000s ]
INFO: [ view_filter ] --END-- [ RunTime:0.000000s ]
INFO: [ app_end ] --START--
INFO: Run Behavior\ShowPageTraceBehavior [ RunTime:0.001000s ]
INFO: [ app_end ] --END-- [ RunTime:0.001000s ]

[ 2016-12-28T14:03:33+08:00 ] ::1 /wish/index.php/Admin/Rbac/node.html
INFO: [ app_init ] --START--
INFO: Run Behavior\BuildLiteBehavior [ RunTime:0.000000s ]
INFO: [ app_init ] --END-- [ RunTime:0.001000s ]
INFO: [ app_begin ] --START--
INFO: Run Behavior\ReadHtmlCacheBehavior [ RunTime:0.001000s ]
INFO: [ app_begin ] --END-- [ RunTime:0.001000s ]
SQL: SHOW COLUMNS FROM `hd_node` [ RunTime:0.0250s ]
SQL: SELECT `id`,`name`,`title`,`pid` FROM `hd_node` ORDER BY sort  [ RunTime:0.0010s ]

[ 2016-12-28T14:06:51+08:00 ] ::1 /wish/index.php/Admin/Index/index.html
INFO: [ app_init ] --START--
INFO: Run Behavior\BuildLiteBehavior [ RunTime:0.000000s ]
INFO: [ app_init ] --END-- [ RunTime:0.000000s ]
INFO: [ app_begin ] --START--
INFO: Run Behavior\ReadHtmlCacheBehavior [ RunTime:0.001000s ]
INFO: [ app_begin ] --END-- [ RunTime:0.001000s ]
INFO: [ view_parse ] --START--
INFO: [ template_filter ] --START--
INFO: Run Behavior\ContentReplaceBehavior [ RunTime:0.000000s ]
INFO: [ template_filter ] --END-- [ RunTime:0.000000s ]
INFO: Run Behavior\ParseTemplateBehavior [ RunTime:0.014001s ]
INFO: [ view_parse ] --END-- [ RunTime:0.014001s ]
INFO: [ view_filter ] --START--
INFO: Run Behavior\WriteHtmlCacheBehavior [ RunTime:0.001000s ]
INFO: [ view_filter ] --END-- [ RunTime:0.001000s ]
INFO: [ app_end ] --START--
INFO: Run Behavior\ShowPageTraceBehavior [ RunTime:0.000000s ]
INFO: [ app_end ] --END-- [ RunTime:0.002000s ]

[ 2016-12-28T14:06:54+08:00 ] ::1 /wish/index.php/Admin/Rbac/node.html
INFO: [ app_init ] --START--
INFO: Run Behavior\BuildLiteBehavior [ RunTime:0.000000s ]
INFO: [ app_init ] --END-- [ RunTime:0.000000s ]
INFO: [ app_begin ] --START--
INFO: Run Behavior\ReadHtmlCacheBehavior [ RunTime:0.001000s ]
INFO: [ app_begin ] --END-- [ RunTime:0.001000s ]
SQL: SHOW COLUMNS FROM `hd_node` [ RunTime:0.0040s ]
SQL: SELECT `id`,`name`,`title`,`pid` FROM `hd_node` ORDER BY sort  [ RunTime:0.0000s ]

[ 2016-12-28T14:07:01+08:00 ] ::1 /wish/index.php/Admin/Rbac/index.html
INFO: [ app_init ] --START--
INFO: Run Behavior\BuildLiteBehavior [ RunTime:0.000000s ]
INFO: [ app_init ] --END-- [ RunTime:0.000000s ]
INFO: [ app_begin ] --START--
INFO: Run Behavior\ReadHtmlCacheBehavior [ RunTime:0.001000s ]
INFO: [ app_begin ] --END-- [ RunTime:0.001000s ]
SQL: SHOW COLUMNS FROM `hd_user` [ RunTime:0.0040s ]
SQL: SELECT `id`,`username`,`logintime`,`loginip`,`locke` FROM `hd_user`  [ RunTime:0.0000s ]
SQL: SHOW COLUMNS FROM `hd_role` [ RunTime:0.0030s ]
NOTIC: [8] Undefined index: mapping_order C:\wamp\www\wish\ThinkPHP\Library\Think\Model\RelationModel.class.php 第 186 行.
NOTIC: [8] Undefined index: mapping_limit C:\wamp\www\wish\ThinkPHP\Library\Think\Model\RelationModel.class.php 第 187 行.
NOTIC: [8] Undefined index: relation_foreign_key C:\wamp\www\wish\ThinkPHP\Library\Think\Model\RelationModel.class.php 第 188 行.
SQL: SELECT b.id,name,remark FROM hd_role_user AS a, hd_role AS b WHERE a.role_id = b.id AND a. user_id='1' [ RunTime:0.0000s ]
NOTIC: [8] Undefined index: mapping_order C:\wamp\www\wish\ThinkPHP\Library\Think\Model\RelationModel.class.php 第 186 行.
NOTIC: [8] Undefined index: mapping_limit C:\wamp\www\wish\ThinkPHP\Library\Think\Model\RelationModel.class.php 第 187 行.
NOTIC: [8] Undefined index: relation_foreign_key C:\wamp\www\wish\ThinkPHP\Library\Think\Model\RelationModel.class.php 第 188 行.
SQL: SELECT b.id,name,remark FROM hd_role_user AS a, hd_role AS b WHERE a.role_id = b.id AND a. user_id='5' [ RunTime:0.0000s ]
NOTIC: [8] Undefined index: mapping_order C:\wamp\www\wish\ThinkPHP\Library\Think\Model\RelationModel.class.php 第 186 行.
NOTIC: [8] Undefined index: mapping_limit C:\wamp\www\wish\ThinkPHP\Library\Think\Model\RelationModel.class.php 第 187 行.
NOTIC: [8] Undefined index: relation_foreign_key C:\wamp\www\wish\ThinkPHP\Library\Think\Model\RelationModel.class.php 第 188 行.
SQL: SELECT b.id,name,remark FROM hd_role_user AS a, hd_role AS b WHERE a.role_id = b.id AND a. user_id='4' [ RunTime:0.0000s ]
NOTIC: [8] Undefined index: mapping_order C:\wamp\www\wish\ThinkPHP\Library\Think\Model\RelationModel.class.php 第 186 行.
NOTIC: [8] Undefined index: mapping_limit C:\wamp\www\wish\ThinkPHP\Library\Think\Model\RelationModel.class.php 第 187 行.
NOTIC: [8] Undefined index: relation_foreign_key C:\wamp\www\wish\ThinkPHP\Library\Think\Model\RelationModel.class.php 第 188 行.
SQL: SELECT b.id,name,remark FROM hd_role_user AS a, hd_role AS b WHERE a.role_id = b.id AND a. user_id='6' [ RunTime:0.0010s ]
NOTIC: [8] Undefined index: mapping_order C:\wamp\www\wish\ThinkPHP\Library\Think\Model\RelationModel.class.php 第 186 行.
NOTIC: [8] Undefined index: mapping_limit C:\wamp\www\wish\ThinkPHP\Library\Think\Model\RelationModel.class.php 第 187 行.
NOTIC: [8] Undefined index: relation_foreign_key C:\wamp\www\wish\ThinkPHP\Library\Think\Model\RelationModel.class.php 第 188 行.
SQL: SELECT b.id,name,remark FROM hd_role_user AS a, hd_role AS b WHERE a.role_id = b.id AND a. user_id='7' [ RunTime:0.0010s ]
NOTIC: [8] Undefined index: mapping_order C:\wamp\www\wish\ThinkPHP\Library\Think\Model\RelationModel.class.php 第 186 行.
NOTIC: [8] Undefined index: mapping_limit C:\wamp\www\wish\ThinkPHP\Library\Think\Model\RelationModel.class.php 第 187 行.
NOTIC: [8] Undefined index: relation_foreign_key C:\wamp\www\wish\ThinkPHP\Library\Think\Model\RelationModel.class.php 第 188 行.
SQL: SELECT b.id,name,remark FROM hd_role_user AS a, hd_role AS b WHERE a.role_id = b.id AND a. user_id='8' [ RunTime:0.0010s ]
NOTIC: [8] Undefined index: mapping_order C:\wamp\www\wish\ThinkPHP\Library\Think\Model\RelationModel.class.php 第 186 行.
NOTIC: [8] Undefined index: mapping_limit C:\wamp\www\wish\ThinkPHP\Library\Think\Model\RelationModel.class.php 第 187 行.
NOTIC: [8] Undefined index: relation_foreign_key C:\wamp\www\wish\ThinkPHP\Library\Think\Model\RelationModel.class.php 第 188 行.
SQL: SELECT b.id,name,remark FROM hd_role_user AS a, hd_role AS b WHERE a.role_id = b.id AND a. user_id='9' [ RunTime:0.0000s ]
NOTIC: [8] Undefined index: mapping_order C:\wamp\www\wish\ThinkPHP\Library\Think\Model\RelationModel.class.php 第 186 行.
NOTIC: [8] Undefined index: mapping_limit C:\wamp\www\wish\ThinkPHP\Library\Think\Model\RelationModel.class.php 第 187 行.
NOTIC: [8] Undefined index: relation_foreign_key C:\wamp\www\wish\ThinkPHP\Library\Think\Model\RelationModel.class.php 第 188 行.
SQL: SELECT b.id,name,remark FROM hd_role_user AS a, hd_role AS b WHERE a.role_id = b.id AND a. user_id='10' [ RunTime:0.0010s ]
NOTIC: [8] Undefined index: mapping_order C:\wamp\www\wish\ThinkPHP\Library\Think\Model\RelationModel.class.php 第 186 行.
NOTIC: [8] Undefined index: mapping_limit C:\wamp\www\wish\ThinkPHP\Library\Think\Model\RelationModel.class.php 第 187 行.
NOTIC: [8] Undefined index: relation_foreign_key C:\wamp\www\wish\ThinkPHP\Library\Think\Model\RelationModel.class.php 第 188 行.
SQL: SELECT b.id,name,remark FROM hd_role_user AS a, hd_role AS b WHERE a.role_id = b.id AND a. user_id='11' [ RunTime:0.0010s ]
NOTIC: [8] Undefined index: mapping_order C:\wamp\www\wish\ThinkPHP\Library\Think\Model\RelationModel.class.php 第 186 行.
NOTIC: [8] Undefined index: mapping_limit C:\wamp\www\wish\ThinkPHP\Library\Think\Model\RelationModel.class.php 第 187 行.
NOTIC: [8] Undefined index: relation_foreign_key C:\wamp\www\wish\ThinkPHP\Library\Think\Model\RelationModel.class.php 第 188 行.
SQL: SELECT b.id,name,remark FROM hd_role_user AS a, hd_role AS b WHERE a.role_id = b.id AND a. user_id='12' [ RunTime:0.0000s ]
NOTIC: [8] Undefined index: mapping_order C:\wamp\www\wish\ThinkPHP\Library\Think\Model\RelationModel.class.php 第 186 行.
NOTIC: [8] Undefined index: mapping_limit C:\wamp\www\wish\ThinkPHP\Library\Think\Model\RelationModel.class.php 第 187 行.
NOTIC: [8] Undefined index: relation_foreign_key C:\wamp\www\wish\ThinkPHP\Library\Think\Model\RelationModel.class.php 第 188 行.
SQL: SELECT b.id,name,remark FROM hd_role_user AS a, hd_role AS b WHERE a.role_id = b.id AND a. user_id='13' [ RunTime:0.0000s ]
NOTIC: [8] Undefined index: mapping_order C:\wamp\www\wish\ThinkPHP\Library\Think\Model\RelationModel.class.php 第 186 行.
NOTIC: [8] Undefined index: mapping_limit C:\wamp\www\wish\ThinkPHP\Library\Think\Model\RelationModel.class.php 第 187 行.
NOTIC: [8] Undefined index: relation_foreign_key C:\wamp\www\wish\ThinkPHP\Library\Think\Model\RelationModel.class.php 第 188 行.
SQL: SELECT b.id,name,remark FROM hd_role_user AS a, hd_role AS b WHERE a.role_id = b.id AND a. user_id='14' [ RunTime:0.0000s ]
NOTIC: [8] Undefined index: mapping_order C:\wamp\www\wish\ThinkPHP\Library\Think\Model\RelationModel.class.php 第 186 行.
NOTIC: [8] Undefined index: mapping_limit C:\wamp\www\wish\ThinkPHP\Library\Think\Model\RelationModel.class.php 第 187 行.
NOTIC: [8] Undefined index: relation_foreign_key C:\wamp\www\wish\ThinkPHP\Library\Think\Model\RelationModel.class.php 第 188 行.
SQL: SELECT b.id,name,remark FROM hd_role_user AS a, hd_role AS b WHERE a.role_id = b.id AND a. user_id='15' [ RunTime:0.0000s ]
INFO: [ view_parse ] --START--
INFO: [ template_filter ] --START--
INFO: Run Behavior\ContentReplaceBehavior [ RunTime:0.000000s ]
INFO: [ template_filter ] --END-- [ RunTime:0.000000s ]
NOTIC: [8] Use of undefined constant locke - assumed 'locke' C:\wamp\www\wish\Index\Runtime\Cache\Admin\a3d0556c8aee279629c742d6fa32dd52.php 第 26 行.
NOTIC: [8] Use of undefined constant locke - assumed 'locke' C:\wamp\www\wish\Index\Runtime\Cache\Admin\a3d0556c8aee279629c742d6fa32dd52.php 第 26 行.
NOTIC: [8] Use of undefined constant locke - assumed 'locke' C:\wamp\www\wish\Index\Runtime\Cache\Admin\a3d0556c8aee279629c742d6fa32dd52.php 第 26 行.
NOTIC: [8] Use of undefined constant locke - assumed 'locke' C:\wamp\www\wish\Index\Runtime\Cache\Admin\a3d0556c8aee279629c742d6fa32dd52.php 第 26 行.
NOTIC: [8] Use of undefined constant locke - assumed 'locke' C:\wamp\www\wish\Index\Runtime\Cache\Admin\a3d0556c8aee279629c742d6fa32dd52.php 第 26 行.
NOTIC: [8] Use of undefined constant locke - assumed 'locke' C:\wamp\www\wish\Index\Runtime\Cache\Admin\a3d0556c8aee279629c742d6fa32dd52.php 第 26 行.
NOTIC: [8] Use of undefined constant locke - assumed 'locke' C:\wamp\www\wish\Index\Runtime\Cache\Admin\a3d0556c8aee279629c742d6fa32dd52.php 第 26 行.
NOTIC: [8] Use of undefined constant locke - assumed 'locke' C:\wamp\www\wish\Index\Runtime\Cache\Admin\a3d0556c8aee279629c742d6fa32dd52.php 第 26 行.
NOTIC: [8] Use of undefined constant locke - assumed 'locke' C:\wamp\www\wish\Index\Runtime\Cache\Admin\a3d0556c8aee279629c742d6fa32dd52.php 第 26 行.
NOTIC: [8] Use of undefined constant locke - assumed 'locke' C:\wamp\www\wish\Index\Runtime\Cache\Admin\a3d0556c8aee279629c742d6fa32dd52.php 第 26 行.
NOTIC: [8] Use of undefined constant locke - assumed 'locke' C:\wamp\www\wish\Index\Runtime\Cache\Admin\a3d0556c8aee279629c742d6fa32dd52.php 第 26 行.
NOTIC: [8] Use of undefined constant locke - assumed 'locke' C:\wamp\www\wish\Index\Runtime\Cache\Admin\a3d0556c8aee279629c742d6fa32dd52.php 第 26 行.
NOTIC: [8] Use of undefined constant locke - assumed 'locke' C:\wamp\www\wish\Index\Runtime\Cache\Admin\a3d0556c8aee279629c742d6fa32dd52.php 第 26 行.
INFO: Run Behavior\ParseTemplateBehavior [ RunTime:0.019001s ]
INFO: [ view_parse ] --END-- [ RunTime:0.020001s ]
INFO: [ view_filter ] --START--
INFO: Run Behavior\WriteHtmlCacheBehavior [ RunTime:0.000000s ]
INFO: [ view_filter ] --END-- [ RunTime:0.001000s ]
INFO: [ app_end ] --START--
INFO: Run Behavior\ShowPageTraceBehavior [ RunTime:0.001000s ]
INFO: [ app_end ] --END-- [ RunTime:0.001000s ]

[ 2016-12-28T14:07:08+08:00 ] ::1 /wish/index.php/Admin/Rbac/node.html
INFO: [ app_init ] --START--
INFO: Run Behavior\BuildLiteBehavior [ RunTime:0.000000s ]
INFO: [ app_init ] --END-- [ RunTime:0.001000s ]
INFO: [ app_begin ] --START--
INFO: Run Behavior\ReadHtmlCacheBehavior [ RunTime:0.001000s ]
INFO: [ app_begin ] --END-- [ RunTime:0.001000s ]
SQL: SHOW COLUMNS FROM `hd_node` [ RunTime:0.0040s ]
SQL: SELECT `id`,`name`,`title`,`pid` FROM `hd_node` ORDER BY sort  [ RunTime:0.0000s ]

