[ 2017-01-09T14:49:49+08:00 ] ::1 /wish/index.php/Admin/Login/index.html
INFO: [ app_init ] --START--
INFO: Run Behavior\BuildLiteBehavior [ RunTime:0.000000s ]
INFO: [ app_init ] --END-- [ RunTime:0.006000s ]
INFO: [ app_begin ] --START--
INFO: Run Behavior\ReadHtmlCacheBehavior [ RunTime:0.002000s ]
INFO: [ app_begin ] --END-- [ RunTime:0.002000s ]
INFO: [ view_parse ] --START--
INFO: [ template_filter ] --START--
INFO: Run Behavior\ContentReplaceBehavior [ RunTime:0.000000s ]
INFO: [ template_filter ] --END-- [ RunTime:0.001000s ]
INFO: Run Behavior\ParseTemplateBehavior [ RunTime:0.073004s ]
INFO: [ view_parse ] --END-- [ RunTime:0.073004s ]
INFO: [ view_filter ] --START--
INFO: Run Behavior\WriteHtmlCacheBehavior [ RunTime:0.009000s ]
INFO: [ view_filter ] --END-- [ RunTime:0.009000s ]
INFO: [ app_end ] --START--
INFO: Run Behavior\ShowPageTraceBehavior [ RunTime:0.005000s ]
INFO: [ app_end ] --END-- [ RunTime:0.007000s ]

[ 2017-01-09T14:49:49+08:00 ] ::1 /wish/index.php/Admin/Login/verify.html
INFO: [ app_init ] --START--
INFO: Run Behavior\BuildLiteBehavior [ RunTime:0.000000s ]
INFO: [ app_init ] --END-- [ RunTime:0.001000s ]
INFO: [ app_begin ] --START--
INFO: Run Behavior\ReadHtmlCacheBehavior [ RunTime:0.001000s ]
INFO: [ app_begin ] --END-- [ RunTime:0.001000s ]
INFO: [ app_end ] --START--
INFO: Run Behavior\ShowPageTraceBehavior [ RunTime:0.001000s ]
INFO: [ app_end ] --END-- [ RunTime:0.001000s ]

[ 2017-01-09T14:50:12+08:00 ] ::1 /wish/index.php/Admin/Login/login.html
INFO: [ app_init ] --START--
INFO: Run Behavior\BuildLiteBehavior [ RunTime:0.000000s ]
INFO: [ app_init ] --END-- [ RunTime:0.001000s ]
INFO: [ app_begin ] --START--
INFO: Run Behavior\ReadHtmlCacheBehavior [ RunTime:0.001000s ]
INFO: [ app_begin ] --END-- [ RunTime:0.001000s ]
SQL: SHOW COLUMNS FROM `hd_user` [ RunTime:0.0040s ]
NOTIC: [8] Use of undefined constant username - assumed 'username' C:\wamp\www\wish\Index\Admin\Controller\LoginController.class.php 第 23 行.
SQL: SELECT * FROM `hd_user` WHERE `username` = 'admin2' LIMIT 1   [ RunTime:0.0010s ]
NOTIC: [8] Use of undefined constant password - assumed 'password' C:\wamp\www\wish\Index\Admin\Controller\LoginController.class.php 第 25 行.
INFO: [ view_parse ] --START--
INFO: [ template_filter ] --START--
INFO: Run Behavior\ContentReplaceBehavior [ RunTime:0.000000s ]
INFO: [ template_filter ] --END-- [ RunTime:0.001000s ]
INFO: Run Behavior\ParseTemplateBehavior [ RunTime:0.028002s ]
INFO: [ view_parse ] --END-- [ RunTime:0.029002s ]
INFO: [ view_filter ] --START--
INFO: Run Behavior\WriteHtmlCacheBehavior [ RunTime:0.000000s ]
INFO: [ view_filter ] --END-- [ RunTime:0.000000s ]

[ 2017-01-09T14:50:31+08:00 ] ::1 /wish/index.php/Admin/Login/verify?tm=0.20970452891666214
INFO: [ app_init ] --START--
INFO: Run Behavior\BuildLiteBehavior [ RunTime:0.000000s ]
INFO: [ app_init ] --END-- [ RunTime:0.000000s ]
INFO: [ app_begin ] --START--
INFO: Run Behavior\ReadHtmlCacheBehavior [ RunTime:0.000000s ]
INFO: [ app_begin ] --END-- [ RunTime:0.001000s ]
INFO: [ app_end ] --START--
INFO: Run Behavior\ShowPageTraceBehavior [ RunTime:0.001000s ]
INFO: [ app_end ] --END-- [ RunTime:0.001000s ]

[ 2017-01-09T14:50:32+08:00 ] ::1 /wish/index.php/Admin/Login/verify?tm=0.0498409002409248
INFO: [ app_init ] --START--
INFO: Run Behavior\BuildLiteBehavior [ RunTime:0.000000s ]
INFO: [ app_init ] --END-- [ RunTime:0.001000s ]
INFO: [ app_begin ] --START--
INFO: Run Behavior\ReadHtmlCacheBehavior [ RunTime:0.001000s ]
INFO: [ app_begin ] --END-- [ RunTime:0.001000s ]
INFO: [ app_end ] --START--
INFO: Run Behavior\ShowPageTraceBehavior [ RunTime:0.001000s ]
INFO: [ app_end ] --END-- [ RunTime:0.001000s ]

[ 2017-01-09T14:50:38+08:00 ] ::1 /wish/index.php/Admin/Login/login.html
INFO: [ app_init ] --START--
INFO: Run Behavior\BuildLiteBehavior [ RunTime:0.000000s ]
INFO: [ app_init ] --END-- [ RunTime:0.001000s ]
INFO: [ app_begin ] --START--
INFO: Run Behavior\ReadHtmlCacheBehavior [ RunTime:0.001000s ]
INFO: [ app_begin ] --END-- [ RunTime:0.001000s ]
SQL: SHOW COLUMNS FROM `hd_user` [ RunTime:0.0030s ]
NOTIC: [8] Use of undefined constant username - assumed 'username' C:\wamp\www\wish\Index\Admin\Controller\LoginController.class.php 第 23 行.
SQL: SELECT * FROM `hd_user` WHERE `username` = 'admin3' LIMIT 1   [ RunTime:0.0000s ]
NOTIC: [8] Use of undefined constant password - assumed 'password' C:\wamp\www\wish\Index\Admin\Controller\LoginController.class.php 第 25 行.
SQL: UPDATE `hd_user` SET `logintime`='1483944638',`loginip`='0.0.0.0' WHERE `id` = 4 [ RunTime:0.0010s ]
NOTIC: [8] Undefined index: superadmin C:\wamp\www\wish\ThinkPHP\Library\Org\Util\Rbac.class.php 第 88 行.
SQL: select node.id,node.name from hd_role as role,hd_role_user as user,hd_access as access ,hd_node as node where user.user_id='4' and user.role_id=role.id and ( access.role_id=role.id  or (access.role_id=role.pid and role.pid!=0 ) ) and role.status=1 and access.node_id=node.id and node.level=1 and node.status=1 [ RunTime:0.0290s ]

[ 2017-01-09T14:50:38+08:00 ] ::1 /wish/index.php/Admin/Index/index.html
INFO: [ app_init ] --START--
INFO: Run Behavior\BuildLiteBehavior [ RunTime:0.000000s ]
INFO: [ app_init ] --END-- [ RunTime:0.001000s ]
INFO: [ app_begin ] --START--
INFO: Run Behavior\ReadHtmlCacheBehavior [ RunTime:0.000000s ]
INFO: [ app_begin ] --END-- [ RunTime:0.001000s ]
INFO: [ view_parse ] --START--
INFO: [ template_filter ] --START--
INFO: Run Behavior\ContentReplaceBehavior [ RunTime:0.000000s ]
INFO: [ template_filter ] --END-- [ RunTime:0.001000s ]
INFO: Run Behavior\ParseTemplateBehavior [ RunTime:0.026001s ]
INFO: [ view_parse ] --END-- [ RunTime:0.027001s ]
INFO: [ view_filter ] --START--
INFO: Run Behavior\WriteHtmlCacheBehavior [ RunTime:0.001001s ]
INFO: [ view_filter ] --END-- [ RunTime:0.001001s ]
INFO: [ app_end ] --START--
INFO: Run Behavior\ShowPageTraceBehavior [ RunTime:0.001000s ]
INFO: [ app_end ] --END-- [ RunTime:0.001000s ]

[ 2017-01-09T14:50:40+08:00 ] ::1 /wish/index.php/Admin/MsgManag/index.html
INFO: [ app_init ] --START--
INFO: Run Behavior\BuildLiteBehavior [ RunTime:0.000000s ]
INFO: [ app_init ] --END-- [ RunTime:0.001000s ]
INFO: [ app_begin ] --START--
INFO: Run Behavior\ReadHtmlCacheBehavior [ RunTime:0.001000s ]
INFO: [ app_begin ] --END-- [ RunTime:0.001000s ]
NOTIC: [8] Undefined index: c5efc24197bfaeb1e5b06cf7f9644c29 C:\wamp\www\wish\ThinkPHP\Library\Org\Util\Rbac.class.php 第 170 行.
INFO: [ view_parse ] --START--
INFO: [ template_filter ] --START--
INFO: Run Behavior\ContentReplaceBehavior [ RunTime:0.001000s ]
INFO: [ template_filter ] --END-- [ RunTime:0.001000s ]
INFO: Run Behavior\ParseTemplateBehavior [ RunTime:0.010000s ]
INFO: [ view_parse ] --END-- [ RunTime:0.010000s ]
INFO: [ view_filter ] --START--
INFO: Run Behavior\WriteHtmlCacheBehavior [ RunTime:0.001000s ]
INFO: [ view_filter ] --END-- [ RunTime:0.001000s ]

[ 2017-01-09T14:50:42+08:00 ] ::1 /wish/index.php/Admin/Rbac/index.html
INFO: [ app_init ] --START--
INFO: Run Behavior\BuildLiteBehavior [ RunTime:0.000000s ]
INFO: [ app_init ] --END-- [ RunTime:0.001000s ]
INFO: [ app_begin ] --START--
INFO: Run Behavior\ReadHtmlCacheBehavior [ RunTime:0.001000s ]
INFO: [ app_begin ] --END-- [ RunTime:0.001000s ]
NOTIC: [8] Undefined index: 72936d70a0c84145425611570d406b3f C:\wamp\www\wish\ThinkPHP\Library\Org\Util\Rbac.class.php 第 170 行.
INFO: [ view_parse ] --START--
INFO: [ template_filter ] --START--
INFO: Run Behavior\ContentReplaceBehavior [ RunTime:0.000000s ]
INFO: [ template_filter ] --END-- [ RunTime:0.000000s ]
INFO: Run Behavior\ParseTemplateBehavior [ RunTime:0.010001s ]
INFO: [ view_parse ] --END-- [ RunTime:0.011001s ]
INFO: [ view_filter ] --START--
INFO: Run Behavior\WriteHtmlCacheBehavior [ RunTime:0.000000s ]
INFO: [ view_filter ] --END-- [ RunTime:0.001000s ]

[ 2017-01-09T14:50:42+08:00 ] ::1 /wish/index.php/Admin/Rbac/role.html
INFO: [ app_init ] --START--
INFO: Run Behavior\BuildLiteBehavior [ RunTime:0.000000s ]
INFO: [ app_init ] --END-- [ RunTime:0.000000s ]
INFO: [ app_begin ] --START--
INFO: Run Behavior\ReadHtmlCacheBehavior [ RunTime:0.001000s ]
INFO: [ app_begin ] --END-- [ RunTime:0.001000s ]
NOTIC: [8] Undefined index: 308bc99ce28c162758f41831a7af691f C:\wamp\www\wish\ThinkPHP\Library\Org\Util\Rbac.class.php 第 170 行.
INFO: [ view_parse ] --START--
INFO: [ template_filter ] --START--
INFO: Run Behavior\ContentReplaceBehavior [ RunTime:0.001000s ]
INFO: [ template_filter ] --END-- [ RunTime:0.001000s ]
INFO: Run Behavior\ParseTemplateBehavior [ RunTime:0.011000s ]
INFO: [ view_parse ] --END-- [ RunTime:0.011000s ]
INFO: [ view_filter ] --START--
INFO: Run Behavior\WriteHtmlCacheBehavior [ RunTime:0.001001s ]
INFO: [ view_filter ] --END-- [ RunTime:0.001001s ]

[ 2017-01-09T14:50:43+08:00 ] ::1 /wish/index.php/Admin/Rbac/node.html
INFO: [ app_init ] --START--
INFO: Run Behavior\BuildLiteBehavior [ RunTime:0.000000s ]
INFO: [ app_init ] --END-- [ RunTime:0.001000s ]
INFO: [ app_begin ] --START--
INFO: Run Behavior\ReadHtmlCacheBehavior [ RunTime:0.001000s ]
INFO: [ app_begin ] --END-- [ RunTime:0.001000s ]
NOTIC: [8] Undefined index: 694af5b5b0db2d390c585ba19238512d C:\wamp\www\wish\ThinkPHP\Library\Org\Util\Rbac.class.php 第 170 行.
INFO: [ view_parse ] --START--
INFO: [ template_filter ] --START--
INFO: Run Behavior\ContentReplaceBehavior [ RunTime:0.000000s ]
INFO: [ template_filter ] --END-- [ RunTime:0.000000s ]
INFO: Run Behavior\ParseTemplateBehavior [ RunTime:0.011001s ]
INFO: [ view_parse ] --END-- [ RunTime:0.012001s ]
INFO: [ view_filter ] --START--
INFO: Run Behavior\WriteHtmlCacheBehavior [ RunTime:0.000000s ]
INFO: [ view_filter ] --END-- [ RunTime:0.001000s ]

[ 2017-01-09T14:50:44+08:00 ] ::1 /wish/index.php/Admin/Rbac/addRole.html
INFO: [ app_init ] --START--
INFO: Run Behavior\BuildLiteBehavior [ RunTime:0.000000s ]
INFO: [ app_init ] --END-- [ RunTime:0.000000s ]
INFO: [ app_begin ] --START--
INFO: Run Behavior\ReadHtmlCacheBehavior [ RunTime:0.001000s ]
INFO: [ app_begin ] --END-- [ RunTime:0.001000s ]
NOTIC: [8] Undefined index: abdeaeba9846aed53c7606bb0bec5751 C:\wamp\www\wish\ThinkPHP\Library\Org\Util\Rbac.class.php 第 170 行.
INFO: [ view_parse ] --START--
INFO: [ template_filter ] --START--
INFO: Run Behavior\ContentReplaceBehavior [ RunTime:0.000000s ]
INFO: [ template_filter ] --END-- [ RunTime:0.000000s ]
INFO: Run Behavior\ParseTemplateBehavior [ RunTime:0.011000s ]
INFO: [ view_parse ] --END-- [ RunTime:0.012001s ]
INFO: [ view_filter ] --START--
INFO: Run Behavior\WriteHtmlCacheBehavior [ RunTime:0.000000s ]
INFO: [ view_filter ] --END-- [ RunTime:0.001000s ]

[ 2017-01-09T14:50:45+08:00 ] ::1 /wish/index.php/Admin/Rbac/addNode.html
INFO: [ app_init ] --START--
INFO: Run Behavior\BuildLiteBehavior [ RunTime:0.000000s ]
INFO: [ app_init ] --END-- [ RunTime:0.000000s ]
INFO: [ app_begin ] --START--
INFO: Run Behavior\ReadHtmlCacheBehavior [ RunTime:0.001000s ]
INFO: [ app_begin ] --END-- [ RunTime:0.001000s ]
NOTIC: [8] Undefined index: 9d02632a86ae1e286370aedd727ba18f C:\wamp\www\wish\ThinkPHP\Library\Org\Util\Rbac.class.php 第 170 行.
INFO: [ view_parse ] --START--
INFO: [ template_filter ] --START--
INFO: Run Behavior\ContentReplaceBehavior [ RunTime:0.000000s ]
INFO: [ template_filter ] --END-- [ RunTime:0.000000s ]
INFO: Run Behavior\ParseTemplateBehavior [ RunTime:0.011001s ]
INFO: [ view_parse ] --END-- [ RunTime:0.011001s ]
INFO: [ view_filter ] --START--
INFO: Run Behavior\WriteHtmlCacheBehavior [ RunTime:0.001000s ]
INFO: [ view_filter ] --END-- [ RunTime:0.001000s ]

[ 2017-01-09T14:50:45+08:00 ] ::1 /wish/index.php/Admin/Rbac/addRole.html
INFO: [ app_init ] --START--
INFO: Run Behavior\BuildLiteBehavior [ RunTime:0.000000s ]
INFO: [ app_init ] --END-- [ RunTime:0.001000s ]
INFO: [ app_begin ] --START--
INFO: Run Behavior\ReadHtmlCacheBehavior [ RunTime:0.001000s ]
INFO: [ app_begin ] --END-- [ RunTime:0.002000s ]
INFO: [ view_parse ] --START--
INFO: [ template_filter ] --START--
INFO: Run Behavior\ContentReplaceBehavior [ RunTime:0.000000s ]
INFO: [ template_filter ] --END-- [ RunTime:0.000000s ]
INFO: Run Behavior\ParseTemplateBehavior [ RunTime:0.011001s ]
INFO: [ view_parse ] --END-- [ RunTime:0.011001s ]
INFO: [ view_filter ] --START--
INFO: Run Behavior\WriteHtmlCacheBehavior [ RunTime:0.000000s ]
INFO: [ view_filter ] --END-- [ RunTime:0.001000s ]

[ 2017-01-09T14:50:46+08:00 ] ::1 /wish/index.php/Admin/Rbac/addUser.html
INFO: [ app_init ] --START--
INFO: Run Behavior\BuildLiteBehavior [ RunTime:0.000000s ]
INFO: [ app_init ] --END-- [ RunTime:0.001000s ]
INFO: [ app_begin ] --START--
INFO: Run Behavior\ReadHtmlCacheBehavior [ RunTime:0.001000s ]
INFO: [ app_begin ] --END-- [ RunTime:0.001000s ]
NOTIC: [8] Undefined index: 20318d055f496b5e7683428063beb77c C:\wamp\www\wish\ThinkPHP\Library\Org\Util\Rbac.class.php 第 170 行.
INFO: [ view_parse ] --START--
INFO: [ template_filter ] --START--
INFO: Run Behavior\ContentReplaceBehavior [ RunTime:0.000000s ]
INFO: [ template_filter ] --END-- [ RunTime:0.000000s ]
INFO: Run Behavior\ParseTemplateBehavior [ RunTime:0.011001s ]
INFO: [ view_parse ] --END-- [ RunTime:0.012001s ]
INFO: [ view_filter ] --START--
INFO: Run Behavior\WriteHtmlCacheBehavior [ RunTime:0.001000s ]
INFO: [ view_filter ] --END-- [ RunTime:0.001000s ]

[ 2017-01-09T14:50:46+08:00 ] ::1 /wish/index.php/Admin/Rbac/node.html
INFO: [ app_init ] --START--
INFO: Run Behavior\BuildLiteBehavior [ RunTime:0.000000s ]
INFO: [ app_init ] --END-- [ RunTime:0.000000s ]
INFO: [ app_begin ] --START--
INFO: Run Behavior\ReadHtmlCacheBehavior [ RunTime:0.001000s ]
INFO: [ app_begin ] --END-- [ RunTime:0.001000s ]
INFO: [ view_parse ] --START--
INFO: [ template_filter ] --START--
INFO: Run Behavior\ContentReplaceBehavior [ RunTime:0.000000s ]
INFO: [ template_filter ] --END-- [ RunTime:0.001000s ]
INFO: Run Behavior\ParseTemplateBehavior [ RunTime:0.011001s ]
INFO: [ view_parse ] --END-- [ RunTime:0.011001s ]
INFO: [ view_filter ] --START--
INFO: Run Behavior\WriteHtmlCacheBehavior [ RunTime:0.001000s ]
INFO: [ view_filter ] --END-- [ RunTime:0.001000s ]

[ 2017-01-09T14:50:47+08:00 ] ::1 /wish/index.php/Admin/Rbac/role.html
INFO: [ app_init ] --START--
INFO: Run Behavior\BuildLiteBehavior [ RunTime:0.000000s ]
INFO: [ app_init ] --END-- [ RunTime:0.001000s ]
INFO: [ app_begin ] --START--
INFO: Run Behavior\ReadHtmlCacheBehavior [ RunTime:0.001000s ]
INFO: [ app_begin ] --END-- [ RunTime:0.001000s ]
INFO: [ view_parse ] --START--
INFO: [ template_filter ] --START--
INFO: Run Behavior\ContentReplaceBehavior [ RunTime:0.000000s ]
INFO: [ template_filter ] --END-- [ RunTime:0.000000s ]
INFO: Run Behavior\ParseTemplateBehavior [ RunTime:0.012001s ]
INFO: [ view_parse ] --END-- [ RunTime:0.012001s ]
INFO: [ view_filter ] --START--
INFO: Run Behavior\WriteHtmlCacheBehavior [ RunTime:0.001000s ]
INFO: [ view_filter ] --END-- [ RunTime:0.001000s ]

[ 2017-01-09T14:50:47+08:00 ] ::1 /wish/index.php/Admin/Rbac/index.html
INFO: [ app_init ] --START--
INFO: Run Behavior\BuildLiteBehavior [ RunTime:0.000000s ]
INFO: [ app_init ] --END-- [ RunTime:0.001000s ]
INFO: [ app_begin ] --START--
INFO: Run Behavior\ReadHtmlCacheBehavior [ RunTime:0.001000s ]
INFO: [ app_begin ] --END-- [ RunTime:0.001000s ]
INFO: [ view_parse ] --START--
INFO: [ template_filter ] --START--
INFO: Run Behavior\ContentReplaceBehavior [ RunTime:0.000000s ]
INFO: [ template_filter ] --END-- [ RunTime:0.000000s ]
INFO: Run Behavior\ParseTemplateBehavior [ RunTime:0.011001s ]
INFO: [ view_parse ] --END-- [ RunTime:0.011001s ]
INFO: [ view_filter ] --START--
INFO: Run Behavior\WriteHtmlCacheBehavior [ RunTime:0.000000s ]
INFO: [ view_filter ] --END-- [ RunTime:0.001000s ]

[ 2017-01-09T14:51:55+08:00 ] ::1 /wish/index.php/Admin/Rbac/index.html
INFO: [ app_init ] --START--
INFO: Run Behavior\BuildLiteBehavior [ RunTime:0.000000s ]
INFO: [ app_init ] --END-- [ RunTime:0.001000s ]
INFO: [ app_begin ] --START--
INFO: Run Behavior\ReadHtmlCacheBehavior [ RunTime:0.001000s ]
INFO: [ app_begin ] --END-- [ RunTime:0.001000s ]
INFO: [ view_parse ] --START--
INFO: [ template_filter ] --START--
INFO: Run Behavior\ContentReplaceBehavior [ RunTime:0.001000s ]
INFO: [ template_filter ] --END-- [ RunTime:0.001000s ]
INFO: Run Behavior\ParseTemplateBehavior [ RunTime:0.011000s ]
INFO: [ view_parse ] --END-- [ RunTime:0.011000s ]
INFO: [ view_filter ] --START--
INFO: Run Behavior\WriteHtmlCacheBehavior [ RunTime:0.001000s ]
INFO: [ view_filter ] --END-- [ RunTime:0.001000s ]

[ 2017-01-09T14:51:56+08:00 ] ::1 /wish/index.php/Admin/Rbac/role.html
INFO: [ app_init ] --START--
INFO: Run Behavior\BuildLiteBehavior [ RunTime:0.000000s ]
INFO: [ app_init ] --END-- [ RunTime:0.000000s ]
INFO: [ app_begin ] --START--
INFO: Run Behavior\ReadHtmlCacheBehavior [ RunTime:0.001000s ]
INFO: [ app_begin ] --END-- [ RunTime:0.001000s ]
INFO: [ view_parse ] --START--
INFO: [ template_filter ] --START--
INFO: Run Behavior\ContentReplaceBehavior [ RunTime:0.000000s ]
INFO: [ template_filter ] --END-- [ RunTime:0.000000s ]
INFO: Run Behavior\ParseTemplateBehavior [ RunTime:0.010001s ]
INFO: [ view_parse ] --END-- [ RunTime:0.011001s ]
INFO: [ view_filter ] --START--
INFO: Run Behavior\WriteHtmlCacheBehavior [ RunTime:0.000000s ]
INFO: [ view_filter ] --END-- [ RunTime:0.000000s ]

[ 2017-01-09T14:51:57+08:00 ] ::1 /wish/index.php/Admin/Rbac/node.html
INFO: [ app_init ] --START--
INFO: Run Behavior\BuildLiteBehavior [ RunTime:0.000000s ]
INFO: [ app_init ] --END-- [ RunTime:0.000000s ]
INFO: [ app_begin ] --START--
INFO: Run Behavior\ReadHtmlCacheBehavior [ RunTime:0.001000s ]
INFO: [ app_begin ] --END-- [ RunTime:0.001000s ]
INFO: [ view_parse ] --START--
INFO: [ template_filter ] --START--
INFO: Run Behavior\ContentReplaceBehavior [ RunTime:0.000000s ]
INFO: [ template_filter ] --END-- [ RunTime:0.001000s ]
INFO: Run Behavior\ParseTemplateBehavior [ RunTime:0.011000s ]
INFO: [ view_parse ] --END-- [ RunTime:0.011000s ]
INFO: [ view_filter ] --START--
INFO: Run Behavior\WriteHtmlCacheBehavior [ RunTime:0.000000s ]
INFO: [ view_filter ] --END-- [ RunTime:0.001000s ]

[ 2017-01-09T14:51:57+08:00 ] ::1 /wish/index.php/Admin/Rbac/addRole.html
INFO: [ app_init ] --START--
INFO: Run Behavior\BuildLiteBehavior [ RunTime:0.000000s ]
INFO: [ app_init ] --END-- [ RunTime:0.001000s ]
INFO: [ app_begin ] --START--
INFO: Run Behavior\ReadHtmlCacheBehavior [ RunTime:0.000000s ]
INFO: [ app_begin ] --END-- [ RunTime:0.001000s ]
INFO: [ view_parse ] --START--
INFO: [ template_filter ] --START--
INFO: Run Behavior\ContentReplaceBehavior [ RunTime:0.000000s ]
INFO: [ template_filter ] --END-- [ RunTime:0.001000s ]
INFO: Run Behavior\ParseTemplateBehavior [ RunTime:0.011000s ]
INFO: [ view_parse ] --END-- [ RunTime:0.011000s ]
INFO: [ view_filter ] --START--
INFO: Run Behavior\WriteHtmlCacheBehavior [ RunTime:0.001000s ]
INFO: [ view_filter ] --END-- [ RunTime:0.001000s ]

[ 2017-01-09T14:51:58+08:00 ] ::1 /wish/index.php/Admin/Rbac/addUser.html
INFO: [ app_init ] --START--
INFO: Run Behavior\BuildLiteBehavior [ RunTime:0.000000s ]
INFO: [ app_init ] --END-- [ RunTime:0.001000s ]
INFO: [ app_begin ] --START--
INFO: Run Behavior\ReadHtmlCacheBehavior [ RunTime:0.000000s ]
INFO: [ app_begin ] --END-- [ RunTime:0.001000s ]
INFO: [ view_parse ] --START--
INFO: [ template_filter ] --START--
INFO: Run Behavior\ContentReplaceBehavior [ RunTime:0.000000s ]
INFO: [ template_filter ] --END-- [ RunTime:0.001001s ]
INFO: Run Behavior\ParseTemplateBehavior [ RunTime:0.011001s ]
INFO: [ view_parse ] --END-- [ RunTime:0.011001s ]
INFO: [ view_filter ] --START--
INFO: Run Behavior\WriteHtmlCacheBehavior [ RunTime:0.001000s ]
INFO: [ view_filter ] --END-- [ RunTime:0.001000s ]

[ 2017-01-09T14:51:58+08:00 ] ::1 /wish/index.php/Admin/Rbac/addRole.html
INFO: [ app_init ] --START--
INFO: Run Behavior\BuildLiteBehavior [ RunTime:0.000000s ]
INFO: [ app_init ] --END-- [ RunTime:0.001000s ]
INFO: [ app_begin ] --START--
INFO: Run Behavior\ReadHtmlCacheBehavior [ RunTime:0.001000s ]
INFO: [ app_begin ] --END-- [ RunTime:0.001000s ]
INFO: [ view_parse ] --START--
INFO: [ template_filter ] --START--
INFO: Run Behavior\ContentReplaceBehavior [ RunTime:0.000000s ]
INFO: [ template_filter ] --END-- [ RunTime:0.000000s ]
INFO: Run Behavior\ParseTemplateBehavior [ RunTime:0.010001s ]
INFO: [ view_parse ] --END-- [ RunTime:0.011001s ]
INFO: [ view_filter ] --START--
INFO: Run Behavior\WriteHtmlCacheBehavior [ RunTime:0.000000s ]
INFO: [ view_filter ] --END-- [ RunTime:0.001000s ]

[ 2017-01-09T14:51:59+08:00 ] ::1 /wish/index.php/Admin/Rbac/addNode.html
INFO: [ app_init ] --START--
INFO: Run Behavior\BuildLiteBehavior [ RunTime:0.000000s ]
INFO: [ app_init ] --END-- [ RunTime:0.000000s ]
INFO: [ app_begin ] --START--
INFO: Run Behavior\ReadHtmlCacheBehavior [ RunTime:0.001000s ]
INFO: [ app_begin ] --END-- [ RunTime:0.001000s ]
INFO: [ view_parse ] --START--
INFO: [ template_filter ] --START--
INFO: Run Behavior\ContentReplaceBehavior [ RunTime:0.000000s ]
INFO: [ template_filter ] --END-- [ RunTime:0.001000s ]
INFO: Run Behavior\ParseTemplateBehavior [ RunTime:0.011001s ]
INFO: [ view_parse ] --END-- [ RunTime:0.011001s ]
INFO: [ view_filter ] --START--
INFO: Run Behavior\WriteHtmlCacheBehavior [ RunTime:0.000000s ]
INFO: [ view_filter ] --END-- [ RunTime:0.001000s ]

[ 2017-01-09T14:52:05+08:00 ] ::1 /wish/index.php/Admin/MsgManag/index.html
INFO: [ app_init ] --START--
INFO: Run Behavior\BuildLiteBehavior [ RunTime:0.000000s ]
INFO: [ app_init ] --END-- [ RunTime:0.001000s ]
INFO: [ app_begin ] --START--
INFO: Run Behavior\ReadHtmlCacheBehavior [ RunTime:0.000000s ]
INFO: [ app_begin ] --END-- [ RunTime:0.001000s ]
INFO: [ view_parse ] --START--
INFO: [ template_filter ] --START--
INFO: Run Behavior\ContentReplaceBehavior [ RunTime:0.000000s ]
INFO: [ template_filter ] --END-- [ RunTime:0.000000s ]
INFO: Run Behavior\ParseTemplateBehavior [ RunTime:0.012001s ]
INFO: [ view_parse ] --END-- [ RunTime:0.012001s ]
INFO: [ view_filter ] --START--
INFO: Run Behavior\WriteHtmlCacheBehavior [ RunTime:0.000000s ]
INFO: [ view_filter ] --END-- [ RunTime:0.001000s ]

[ 2017-01-09T15:45:54+08:00 ] ::1 /wish/index.php/admin
INFO: [ app_init ] --START--
INFO: Run Behavior\BuildLiteBehavior [ RunTime:0.000000s ]
INFO: [ app_init ] --END-- [ RunTime:0.001000s ]
INFO: [ app_begin ] --START--
INFO: Run Behavior\ReadHtmlCacheBehavior [ RunTime:0.001000s ]
INFO: [ app_begin ] --END-- [ RunTime:0.001000s ]
INFO: [ view_parse ] --START--
INFO: [ template_filter ] --START--
INFO: Run Behavior\ContentReplaceBehavior [ RunTime:0.000000s ]
INFO: [ template_filter ] --END-- [ RunTime:0.000000s ]
INFO: Run Behavior\ParseTemplateBehavior [ RunTime:0.014001s ]
INFO: [ view_parse ] --END-- [ RunTime:0.014001s ]
INFO: [ view_filter ] --START--
INFO: Run Behavior\WriteHtmlCacheBehavior [ RunTime:0.001000s ]
INFO: [ view_filter ] --END-- [ RunTime:0.001000s ]
INFO: [ app_end ] --START--
INFO: Run Behavior\ShowPageTraceBehavior [ RunTime:0.002000s ]
INFO: [ app_end ] --END-- [ RunTime:0.002000s ]

[ 2017-01-09T15:45:57+08:00 ] ::1 /wish/index.php/Admin/Rbac/index.html
INFO: [ app_init ] --START--
INFO: Run Behavior\BuildLiteBehavior [ RunTime:0.000000s ]
INFO: [ app_init ] --END-- [ RunTime:0.001000s ]
INFO: [ app_begin ] --START--
INFO: Run Behavior\ReadHtmlCacheBehavior [ RunTime:0.000000s ]
INFO: [ app_begin ] --END-- [ RunTime:0.001000s ]
INFO: [ view_parse ] --START--
INFO: [ template_filter ] --START--
INFO: Run Behavior\ContentReplaceBehavior [ RunTime:0.000000s ]
INFO: [ template_filter ] --END-- [ RunTime:0.001000s ]
INFO: Run Behavior\ParseTemplateBehavior [ RunTime:0.012000s ]
INFO: [ view_parse ] --END-- [ RunTime:0.013000s ]
INFO: [ view_filter ] --START--
INFO: Run Behavior\WriteHtmlCacheBehavior [ RunTime:0.000000s ]
INFO: [ view_filter ] --END-- [ RunTime:0.000000s ]

[ 2017-01-09T15:46:00+08:00 ] ::1 /wish/index.php/Admin/Index/logout.html
INFO: [ app_init ] --START--
INFO: Run Behavior\BuildLiteBehavior [ RunTime:0.000000s ]
INFO: [ app_init ] --END-- [ RunTime:0.001000s ]
INFO: [ app_begin ] --START--
INFO: Run Behavior\ReadHtmlCacheBehavior [ RunTime:0.001000s ]
INFO: [ app_begin ] --END-- [ RunTime:0.001000s ]

[ 2017-01-09T15:46:00+08:00 ] ::1 /wish/index.php/Admin/login/index.html
INFO: [ app_init ] --START--
INFO: Run Behavior\BuildLiteBehavior [ RunTime:0.000000s ]
INFO: [ app_init ] --END-- [ RunTime:0.001000s ]
INFO: [ app_begin ] --START--
INFO: Run Behavior\ReadHtmlCacheBehavior [ RunTime:0.001000s ]
INFO: [ app_begin ] --END-- [ RunTime:0.001000s ]
INFO: [ view_parse ] --START--
INFO: [ template_filter ] --START--
INFO: Run Behavior\ContentReplaceBehavior [ RunTime:0.000000s ]
INFO: [ template_filter ] --END-- [ RunTime:0.001000s ]
INFO: Run Behavior\ParseTemplateBehavior [ RunTime:0.012001s ]
INFO: [ view_parse ] --END-- [ RunTime:0.012001s ]
INFO: [ view_filter ] --START--
INFO: Run Behavior\WriteHtmlCacheBehavior [ RunTime:0.001000s ]
INFO: [ view_filter ] --END-- [ RunTime:0.001000s ]
INFO: [ app_end ] --START--
INFO: Run Behavior\ShowPageTraceBehavior [ RunTime:0.001000s ]
INFO: [ app_end ] --END-- [ RunTime:0.001000s ]

[ 2017-01-09T15:46:00+08:00 ] ::1 /wish/index.php/Admin/Login/verify.html
INFO: [ app_init ] --START--
INFO: Run Behavior\BuildLiteBehavior [ RunTime:0.000000s ]
INFO: [ app_init ] --END-- [ RunTime:0.000000s ]
INFO: [ app_begin ] --START--
INFO: Run Behavior\ReadHtmlCacheBehavior [ RunTime:0.000000s ]
INFO: [ app_begin ] --END-- [ RunTime:0.001000s ]
INFO: [ app_end ] --START--
INFO: Run Behavior\ShowPageTraceBehavior [ RunTime:0.001000s ]
INFO: [ app_end ] --END-- [ RunTime:0.002000s ]

[ 2017-01-09T15:46:02+08:00 ] ::1 /wish/index.php/Admin/login/index.html
INFO: [ app_init ] --START--
INFO: Run Behavior\BuildLiteBehavior [ RunTime:0.001000s ]
INFO: [ app_init ] --END-- [ RunTime:0.001000s ]
INFO: [ app_begin ] --START--
INFO: Run Behavior\ReadHtmlCacheBehavior [ RunTime:0.001001s ]
INFO: [ app_begin ] --END-- [ RunTime:0.001001s ]
INFO: [ view_parse ] --START--
INFO: [ template_filter ] --START--
INFO: Run Behavior\ContentReplaceBehavior [ RunTime:0.001000s ]
INFO: [ template_filter ] --END-- [ RunTime:0.001000s ]
INFO: Run Behavior\ParseTemplateBehavior [ RunTime:0.012000s ]
INFO: [ view_parse ] --END-- [ RunTime:0.012000s ]
INFO: [ view_filter ] --START--
INFO: Run Behavior\WriteHtmlCacheBehavior [ RunTime:0.000000s ]
INFO: [ view_filter ] --END-- [ RunTime:0.001000s ]
INFO: [ app_end ] --START--
INFO: Run Behavior\ShowPageTraceBehavior [ RunTime:0.001001s ]
INFO: [ app_end ] --END-- [ RunTime:0.001001s ]

[ 2017-01-09T15:46:02+08:00 ] ::1 /wish/index.php/Admin/Login/verify.html
INFO: [ app_init ] --START--
INFO: Run Behavior\BuildLiteBehavior [ RunTime:0.000000s ]
INFO: [ app_init ] --END-- [ RunTime:0.001000s ]
INFO: [ app_begin ] --START--
INFO: Run Behavior\ReadHtmlCacheBehavior [ RunTime:0.001000s ]
INFO: [ app_begin ] --END-- [ RunTime:0.001000s ]
INFO: [ app_end ] --START--
INFO: Run Behavior\ShowPageTraceBehavior [ RunTime:0.002000s ]
INFO: [ app_end ] --END-- [ RunTime:0.002000s ]

[ 2017-01-09T15:46:02+08:00 ] ::1 /wish/index.php/Admin/login/index.html
INFO: [ app_init ] --START--
INFO: Run Behavior\BuildLiteBehavior [ RunTime:0.000000s ]
INFO: [ app_init ] --END-- [ RunTime:0.001001s ]
INFO: [ app_begin ] --START--
INFO: Run Behavior\ReadHtmlCacheBehavior [ RunTime:0.001000s ]
INFO: [ app_begin ] --END-- [ RunTime:0.001000s ]
INFO: [ view_parse ] --START--
INFO: [ template_filter ] --START--
INFO: Run Behavior\ContentReplaceBehavior [ RunTime:0.000000s ]
INFO: [ template_filter ] --END-- [ RunTime:0.000000s ]
INFO: Run Behavior\ParseTemplateBehavior [ RunTime:0.012001s ]
INFO: [ view_parse ] --END-- [ RunTime:0.012001s ]
INFO: [ view_filter ] --START--
INFO: Run Behavior\WriteHtmlCacheBehavior [ RunTime:0.001000s ]
INFO: [ view_filter ] --END-- [ RunTime:0.001000s ]
INFO: [ app_end ] --START--
INFO: Run Behavior\ShowPageTraceBehavior [ RunTime:0.000000s ]
INFO: [ app_end ] --END-- [ RunTime:0.002000s ]

[ 2017-01-09T15:46:02+08:00 ] ::1 /wish/index.php/Admin/Login/verify.html
INFO: [ app_init ] --START--
INFO: Run Behavior\BuildLiteBehavior [ RunTime:0.000000s ]
INFO: [ app_init ] --END-- [ RunTime:0.001000s ]
INFO: [ app_begin ] --START--
INFO: Run Behavior\ReadHtmlCacheBehavior [ RunTime:0.000000s ]
INFO: [ app_begin ] --END-- [ RunTime:0.002000s ]
INFO: [ app_end ] --START--
INFO: Run Behavior\ShowPageTraceBehavior [ RunTime:0.001000s ]
INFO: [ app_end ] --END-- [ RunTime:0.001000s ]

[ 2017-01-09T15:46:02+08:00 ] ::1 /wish/index.php/Admin/login/index.html
INFO: [ app_init ] --START--
INFO: Run Behavior\BuildLiteBehavior [ RunTime:0.000000s ]
INFO: [ app_init ] --END-- [ RunTime:0.001000s ]
INFO: [ app_begin ] --START--
INFO: Run Behavior\ReadHtmlCacheBehavior [ RunTime:0.000000s ]
INFO: [ app_begin ] --END-- [ RunTime:0.002001s ]
INFO: [ view_parse ] --START--
INFO: [ template_filter ] --START--
INFO: Run Behavior\ContentReplaceBehavior [ RunTime:0.000000s ]
INFO: [ template_filter ] --END-- [ RunTime:0.001000s ]
INFO: Run Behavior\ParseTemplateBehavior [ RunTime:0.013000s ]
INFO: [ view_parse ] --END-- [ RunTime:0.013000s ]
INFO: [ view_filter ] --START--
INFO: Run Behavior\WriteHtmlCacheBehavior [ RunTime:0.000000s ]
INFO: [ view_filter ] --END-- [ RunTime:0.001000s ]
INFO: [ app_end ] --START--
INFO: Run Behavior\ShowPageTraceBehavior [ RunTime:0.001000s ]
INFO: [ app_end ] --END-- [ RunTime:0.001000s ]

[ 2017-01-09T15:46:02+08:00 ] ::1 /wish/index.php/Admin/Login/verify.html
INFO: [ app_init ] --START--
INFO: Run Behavior\BuildLiteBehavior [ RunTime:0.000000s ]
INFO: [ app_init ] --END-- [ RunTime:0.000000s ]
INFO: [ app_begin ] --START--
INFO: Run Behavior\ReadHtmlCacheBehavior [ RunTime:0.001000s ]
INFO: [ app_begin ] --END-- [ RunTime:0.001000s ]
INFO: [ app_end ] --START--
INFO: Run Behavior\ShowPageTraceBehavior [ RunTime:0.001000s ]
INFO: [ app_end ] --END-- [ RunTime:0.002000s ]

[ 2017-01-09T15:46:08+08:00 ] ::1 /wish/index.php/Admin/Login/login.html
INFO: [ app_init ] --START--
INFO: Run Behavior\BuildLiteBehavior [ RunTime:0.000000s ]
INFO: [ app_init ] --END-- [ RunTime:0.001000s ]
INFO: [ app_begin ] --START--
INFO: Run Behavior\ReadHtmlCacheBehavior [ RunTime:0.001000s ]
INFO: [ app_begin ] --END-- [ RunTime:0.001000s ]
SQL: SHOW COLUMNS FROM `hd_user` [ RunTime:0.0030s ]
NOTIC: [8] Use of undefined constant username - assumed 'username' C:\wamp\www\wish\Index\Admin\Controller\LoginController.class.php 第 23 行.
SQL: SELECT * FROM `hd_user` WHERE `username` = 'admin' LIMIT 1   [ RunTime:0.0010s ]
NOTIC: [8] Use of undefined constant password - assumed 'password' C:\wamp\www\wish\Index\Admin\Controller\LoginController.class.php 第 25 行.
SQL: UPDATE `hd_user` SET `logintime`='1483947968',`loginip`='0.0.0.0' WHERE `id` = 1 [ RunTime:0.0010s ]

[ 2017-01-09T15:46:08+08:00 ] ::1 /wish/index.php/Admin/Index/index.html
INFO: [ app_init ] --START--
INFO: Run Behavior\BuildLiteBehavior [ RunTime:0.000000s ]
INFO: [ app_init ] --END-- [ RunTime:0.001001s ]
INFO: [ app_begin ] --START--
INFO: Run Behavior\ReadHtmlCacheBehavior [ RunTime:0.000000s ]
INFO: [ app_begin ] --END-- [ RunTime:0.001000s ]
INFO: [ view_parse ] --START--
INFO: [ template_filter ] --START--
INFO: Run Behavior\ContentReplaceBehavior [ RunTime:0.001001s ]
INFO: [ template_filter ] --END-- [ RunTime:0.001001s ]
INFO: Run Behavior\ParseTemplateBehavior [ RunTime:0.016001s ]
INFO: [ view_parse ] --END-- [ RunTime:0.016001s ]
INFO: [ view_filter ] --START--
INFO: Run Behavior\WriteHtmlCacheBehavior [ RunTime:0.001000s ]
INFO: [ view_filter ] --END-- [ RunTime:0.001000s ]
INFO: [ app_end ] --START--
INFO: Run Behavior\ShowPageTraceBehavior [ RunTime:0.000000s ]
INFO: [ app_end ] --END-- [ RunTime:0.002000s ]

[ 2017-01-09T15:46:12+08:00 ] ::1 /wish/index.php/Admin/Rbac/index.html
INFO: [ app_init ] --START--
INFO: Run Behavior\BuildLiteBehavior [ RunTime:0.000000s ]
INFO: [ app_init ] --END-- [ RunTime:0.002000s ]
INFO: [ app_begin ] --START--
INFO: Run Behavior\ReadHtmlCacheBehavior [ RunTime:0.001000s ]
INFO: [ app_begin ] --END-- [ RunTime:0.001000s ]
SQL: SHOW COLUMNS FROM `hd_user` [ RunTime:0.0040s ]
SQL: SELECT `id`,`username`,`logintime`,`loginip`,`locke` FROM `hd_user`  [ RunTime:0.0010s ]
SQL: SHOW COLUMNS FROM `hd_role` [ RunTime:0.0040s ]
NOTIC: [8] Undefined index: mapping_order C:\wamp\www\wish\ThinkPHP\Library\Think\Model\RelationModel.class.php 第 186 行.
NOTIC: [8] Undefined index: mapping_limit C:\wamp\www\wish\ThinkPHP\Library\Think\Model\RelationModel.class.php 第 187 行.
NOTIC: [8] Undefined index: relation_foreign_key C:\wamp\www\wish\ThinkPHP\Library\Think\Model\RelationModel.class.php 第 188 行.
SQL: SELECT b.id,name,remark FROM hd_role_user AS a, hd_role AS b WHERE a.role_id = b.id AND a. user_id='1' [ RunTime:0.0010s ]
NOTIC: [8] Undefined index: mapping_order C:\wamp\www\wish\ThinkPHP\Library\Think\Model\RelationModel.class.php 第 186 行.
NOTIC: [8] Undefined index: mapping_limit C:\wamp\www\wish\ThinkPHP\Library\Think\Model\RelationModel.class.php 第 187 行.
NOTIC: [8] Undefined index: relation_foreign_key C:\wamp\www\wish\ThinkPHP\Library\Think\Model\RelationModel.class.php 第 188 行.
SQL: SELECT b.id,name,remark FROM hd_role_user AS a, hd_role AS b WHERE a.role_id = b.id AND a. user_id='5' [ RunTime:0.0000s ]
NOTIC: [8] Undefined index: mapping_order C:\wamp\www\wish\ThinkPHP\Library\Think\Model\RelationModel.class.php 第 186 行.
NOTIC: [8] Undefined index: mapping_limit C:\wamp\www\wish\ThinkPHP\Library\Think\Model\RelationModel.class.php 第 187 行.
NOTIC: [8] Undefined index: relation_foreign_key C:\wamp\www\wish\ThinkPHP\Library\Think\Model\RelationModel.class.php 第 188 行.
SQL: SELECT b.id,name,remark FROM hd_role_user AS a, hd_role AS b WHERE a.role_id = b.id AND a. user_id='4' [ RunTime:0.0000s ]
NOTIC: [8] Undefined index: mapping_order C:\wamp\www\wish\ThinkPHP\Library\Think\Model\RelationModel.class.php 第 186 行.
NOTIC: [8] Undefined index: mapping_limit C:\wamp\www\wish\ThinkPHP\Library\Think\Model\RelationModel.class.php 第 187 行.
NOTIC: [8] Undefined index: relation_foreign_key C:\wamp\www\wish\ThinkPHP\Library\Think\Model\RelationModel.class.php 第 188 行.
SQL: SELECT b.id,name,remark FROM hd_role_user AS a, hd_role AS b WHERE a.role_id = b.id AND a. user_id='6' [ RunTime:0.0120s ]
NOTIC: [8] Undefined index: mapping_order C:\wamp\www\wish\ThinkPHP\Library\Think\Model\RelationModel.class.php 第 186 行.
NOTIC: [8] Undefined index: mapping_limit C:\wamp\www\wish\ThinkPHP\Library\Think\Model\RelationModel.class.php 第 187 行.
NOTIC: [8] Undefined index: relation_foreign_key C:\wamp\www\wish\ThinkPHP\Library\Think\Model\RelationModel.class.php 第 188 行.
SQL: SELECT b.id,name,remark FROM hd_role_user AS a, hd_role AS b WHERE a.role_id = b.id AND a. user_id='7' [ RunTime:0.0000s ]
NOTIC: [8] Undefined index: mapping_order C:\wamp\www\wish\ThinkPHP\Library\Think\Model\RelationModel.class.php 第 186 行.
NOTIC: [8] Undefined index: mapping_limit C:\wamp\www\wish\ThinkPHP\Library\Think\Model\RelationModel.class.php 第 187 行.
NOTIC: [8] Undefined index: relation_foreign_key C:\wamp\www\wish\ThinkPHP\Library\Think\Model\RelationModel.class.php 第 188 行.
SQL: SELECT b.id,name,remark FROM hd_role_user AS a, hd_role AS b WHERE a.role_id = b.id AND a. user_id='8' [ RunTime:0.0000s ]
NOTIC: [8] Undefined index: mapping_order C:\wamp\www\wish\ThinkPHP\Library\Think\Model\RelationModel.class.php 第 186 行.
NOTIC: [8] Undefined index: mapping_limit C:\wamp\www\wish\ThinkPHP\Library\Think\Model\RelationModel.class.php 第 187 行.
NOTIC: [8] Undefined index: relation_foreign_key C:\wamp\www\wish\ThinkPHP\Library\Think\Model\RelationModel.class.php 第 188 行.
SQL: SELECT b.id,name,remark FROM hd_role_user AS a, hd_role AS b WHERE a.role_id = b.id AND a. user_id='9' [ RunTime:0.0000s ]
NOTIC: [8] Undefined index: mapping_order C:\wamp\www\wish\ThinkPHP\Library\Think\Model\RelationModel.class.php 第 186 行.
NOTIC: [8] Undefined index: mapping_limit C:\wamp\www\wish\ThinkPHP\Library\Think\Model\RelationModel.class.php 第 187 行.
NOTIC: [8] Undefined index: relation_foreign_key C:\wamp\www\wish\ThinkPHP\Library\Think\Model\RelationModel.class.php 第 188 行.
SQL: SELECT b.id,name,remark FROM hd_role_user AS a, hd_role AS b WHERE a.role_id = b.id AND a. user_id='10' [ RunTime:0.0010s ]
NOTIC: [8] Undefined index: mapping_order C:\wamp\www\wish\ThinkPHP\Library\Think\Model\RelationModel.class.php 第 186 行.
NOTIC: [8] Undefined index: mapping_limit C:\wamp\www\wish\ThinkPHP\Library\Think\Model\RelationModel.class.php 第 187 行.
NOTIC: [8] Undefined index: relation_foreign_key C:\wamp\www\wish\ThinkPHP\Library\Think\Model\RelationModel.class.php 第 188 行.
SQL: SELECT b.id,name,remark FROM hd_role_user AS a, hd_role AS b WHERE a.role_id = b.id AND a. user_id='11' [ RunTime:0.0010s ]
NOTIC: [8] Undefined index: mapping_order C:\wamp\www\wish\ThinkPHP\Library\Think\Model\RelationModel.class.php 第 186 行.
NOTIC: [8] Undefined index: mapping_limit C:\wamp\www\wish\ThinkPHP\Library\Think\Model\RelationModel.class.php 第 187 行.
NOTIC: [8] Undefined index: relation_foreign_key C:\wamp\www\wish\ThinkPHP\Library\Think\Model\RelationModel.class.php 第 188 行.
SQL: SELECT b.id,name,remark FROM hd_role_user AS a, hd_role AS b WHERE a.role_id = b.id AND a. user_id='12' [ RunTime:0.0010s ]
NOTIC: [8] Undefined index: mapping_order C:\wamp\www\wish\ThinkPHP\Library\Think\Model\RelationModel.class.php 第 186 行.
NOTIC: [8] Undefined index: mapping_limit C:\wamp\www\wish\ThinkPHP\Library\Think\Model\RelationModel.class.php 第 187 行.
NOTIC: [8] Undefined index: relation_foreign_key C:\wamp\www\wish\ThinkPHP\Library\Think\Model\RelationModel.class.php 第 188 行.
SQL: SELECT b.id,name,remark FROM hd_role_user AS a, hd_role AS b WHERE a.role_id = b.id AND a. user_id='13' [ RunTime:0.0000s ]
NOTIC: [8] Undefined index: mapping_order C:\wamp\www\wish\ThinkPHP\Library\Think\Model\RelationModel.class.php 第 186 行.
NOTIC: [8] Undefined index: mapping_limit C:\wamp\www\wish\ThinkPHP\Library\Think\Model\RelationModel.class.php 第 187 行.
NOTIC: [8] Undefined index: relation_foreign_key C:\wamp\www\wish\ThinkPHP\Library\Think\Model\RelationModel.class.php 第 188 行.
SQL: SELECT b.id,name,remark FROM hd_role_user AS a, hd_role AS b WHERE a.role_id = b.id AND a. user_id='14' [ RunTime:0.0010s ]
NOTIC: [8] Undefined index: mapping_order C:\wamp\www\wish\ThinkPHP\Library\Think\Model\RelationModel.class.php 第 186 行.
NOTIC: [8] Undefined index: mapping_limit C:\wamp\www\wish\ThinkPHP\Library\Think\Model\RelationModel.class.php 第 187 行.
NOTIC: [8] Undefined index: relation_foreign_key C:\wamp\www\wish\ThinkPHP\Library\Think\Model\RelationModel.class.php 第 188 行.
SQL: SELECT b.id,name,remark FROM hd_role_user AS a, hd_role AS b WHERE a.role_id = b.id AND a. user_id='15' [ RunTime:0.0010s ]
NOTIC: [8] Undefined index: mapping_order C:\wamp\www\wish\ThinkPHP\Library\Think\Model\RelationModel.class.php 第 186 行.
NOTIC: [8] Undefined index: mapping_limit C:\wamp\www\wish\ThinkPHP\Library\Think\Model\RelationModel.class.php 第 187 行.
NOTIC: [8] Undefined index: relation_foreign_key C:\wamp\www\wish\ThinkPHP\Library\Think\Model\RelationModel.class.php 第 188 行.
SQL: SELECT b.id,name,remark FROM hd_role_user AS a, hd_role AS b WHERE a.role_id = b.id AND a. user_id='17' [ RunTime:0.0010s ]
NOTIC: [8] Undefined index: mapping_order C:\wamp\www\wish\ThinkPHP\Library\Think\Model\RelationModel.class.php 第 186 行.
NOTIC: [8] Undefined index: mapping_limit C:\wamp\www\wish\ThinkPHP\Library\Think\Model\RelationModel.class.php 第 187 行.
NOTIC: [8] Undefined index: relation_foreign_key C:\wamp\www\wish\ThinkPHP\Library\Think\Model\RelationModel.class.php 第 188 行.
SQL: SELECT b.id,name,remark FROM hd_role_user AS a, hd_role AS b WHERE a.role_id = b.id AND a. user_id='18' [ RunTime:0.0000s ]
INFO: [ view_parse ] --START--
INFO: [ template_filter ] --START--
INFO: Run Behavior\ContentReplaceBehavior [ RunTime:0.000000s ]
INFO: [ template_filter ] --END-- [ RunTime:0.000000s ]
NOTIC: [8] Use of undefined constant locke - assumed 'locke' C:\wamp\www\wish\Index\Runtime\Cache\Admin\a3d0556c8aee279629c742d6fa32dd52.php 第 26 行.
NOTIC: [8] Use of undefined constant locke - assumed 'locke' C:\wamp\www\wish\Index\Runtime\Cache\Admin\a3d0556c8aee279629c742d6fa32dd52.php 第 26 行.
NOTIC: [8] Use of undefined constant locke - assumed 'locke' C:\wamp\www\wish\Index\Runtime\Cache\Admin\a3d0556c8aee279629c742d6fa32dd52.php 第 26 行.
NOTIC: [8] Use of undefined constant locke - assumed 'locke' C:\wamp\www\wish\Index\Runtime\Cache\Admin\a3d0556c8aee279629c742d6fa32dd52.php 第 26 行.
NOTIC: [8] Use of undefined constant locke - assumed 'locke' C:\wamp\www\wish\Index\Runtime\Cache\Admin\a3d0556c8aee279629c742d6fa32dd52.php 第 26 行.
NOTIC: [8] Use of undefined constant locke - assumed 'locke' C:\wamp\www\wish\Index\Runtime\Cache\Admin\a3d0556c8aee279629c742d6fa32dd52.php 第 26 行.
NOTIC: [8] Use of undefined constant locke - assumed 'locke' C:\wamp\www\wish\Index\Runtime\Cache\Admin\a3d0556c8aee279629c742d6fa32dd52.php 第 26 行.
NOTIC: [8] Use of undefined constant locke - assumed 'locke' C:\wamp\www\wish\Index\Runtime\Cache\Admin\a3d0556c8aee279629c742d6fa32dd52.php 第 26 行.
NOTIC: [8] Use of undefined constant locke - assumed 'locke' C:\wamp\www\wish\Index\Runtime\Cache\Admin\a3d0556c8aee279629c742d6fa32dd52.php 第 26 行.
NOTIC: [8] Use of undefined constant locke - assumed 'locke' C:\wamp\www\wish\Index\Runtime\Cache\Admin\a3d0556c8aee279629c742d6fa32dd52.php 第 26 行.
NOTIC: [8] Use of undefined constant locke - assumed 'locke' C:\wamp\www\wish\Index\Runtime\Cache\Admin\a3d0556c8aee279629c742d6fa32dd52.php 第 26 行.
NOTIC: [8] Use of undefined constant locke - assumed 'locke' C:\wamp\www\wish\Index\Runtime\Cache\Admin\a3d0556c8aee279629c742d6fa32dd52.php 第 26 行.
NOTIC: [8] Use of undefined constant locke - assumed 'locke' C:\wamp\www\wish\Index\Runtime\Cache\Admin\a3d0556c8aee279629c742d6fa32dd52.php 第 26 行.
NOTIC: [8] Use of undefined constant locke - assumed 'locke' C:\wamp\www\wish\Index\Runtime\Cache\Admin\a3d0556c8aee279629c742d6fa32dd52.php 第 26 行.
NOTIC: [8] Use of undefined constant locke - assumed 'locke' C:\wamp\www\wish\Index\Runtime\Cache\Admin\a3d0556c8aee279629c742d6fa32dd52.php 第 26 行.
INFO: Run Behavior\ParseTemplateBehavior [ RunTime:0.028002s ]
INFO: [ view_parse ] --END-- [ RunTime:0.028002s ]
INFO: [ view_filter ] --START--
INFO: Run Behavior\WriteHtmlCacheBehavior [ RunTime:0.000000s ]
INFO: [ view_filter ] --END-- [ RunTime:0.001000s ]
INFO: [ app_end ] --START--
INFO: Run Behavior\ShowPageTraceBehavior [ RunTime:0.001000s ]
INFO: [ app_end ] --END-- [ RunTime:0.001000s ]

[ 2017-01-09T15:46:14+08:00 ] ::1 /wish/index.php/Admin/Rbac/node.html
INFO: [ app_init ] --START--
INFO: Run Behavior\BuildLiteBehavior [ RunTime:0.000000s ]
INFO: [ app_init ] --END-- [ RunTime:0.001000s ]
INFO: [ app_begin ] --START--
INFO: Run Behavior\ReadHtmlCacheBehavior [ RunTime:0.001000s ]
INFO: [ app_begin ] --END-- [ RunTime:0.001000s ]
SQL: SHOW COLUMNS FROM `hd_node` [ RunTime:0.0040s ]
SQL: SELECT `id`,`name`,`title`,`pid` FROM `hd_node` ORDER BY sort  [ RunTime:0.0010s ]

[ 2017-01-09T15:47:14+08:00 ] ::1 /wish/index.php/Admin/Index/index.html
INFO: [ app_init ] --START--
INFO: Run Behavior\BuildLiteBehavior [ RunTime:0.000000s ]
INFO: [ app_init ] --END-- [ RunTime:0.001000s ]
INFO: [ app_begin ] --START--
INFO: Run Behavior\ReadHtmlCacheBehavior [ RunTime:0.000000s ]
INFO: [ app_begin ] --END-- [ RunTime:0.002000s ]
INFO: [ view_parse ] --START--
INFO: [ template_filter ] --START--
INFO: Run Behavior\ContentReplaceBehavior [ RunTime:0.000000s ]
INFO: [ template_filter ] --END-- [ RunTime:0.000000s ]
INFO: Run Behavior\ParseTemplateBehavior [ RunTime:0.015001s ]
INFO: [ view_parse ] --END-- [ RunTime:0.015001s ]
INFO: [ view_filter ] --START--
INFO: Run Behavior\WriteHtmlCacheBehavior [ RunTime:0.001000s ]
INFO: [ view_filter ] --END-- [ RunTime:0.001000s ]
INFO: [ app_end ] --START--
INFO: Run Behavior\ShowPageTraceBehavior [ RunTime:0.002000s ]
INFO: [ app_end ] --END-- [ RunTime:0.002000s ]

[ 2017-01-09T15:47:16+08:00 ] ::1 /wish/index.php/Admin/Rbac/node.html
INFO: [ app_init ] --START--
INFO: Run Behavior\BuildLiteBehavior [ RunTime:0.000000s ]
INFO: [ app_init ] --END-- [ RunTime:0.000000s ]
INFO: [ app_begin ] --START--
INFO: Run Behavior\ReadHtmlCacheBehavior [ RunTime:0.000000s ]
INFO: [ app_begin ] --END-- [ RunTime:0.002000s ]
SQL: SHOW COLUMNS FROM `hd_node` [ RunTime:0.0030s ]
SQL: SELECT `id`,`name`,`title`,`pid` FROM `hd_node` ORDER BY sort  [ RunTime:0.0010s ]

[ 2017-01-09T15:50:14+08:00 ] ::1 /wish/index.php/Admin/Index/index.html
INFO: [ app_init ] --START--
INFO: Run Behavior\BuildLiteBehavior [ RunTime:0.001000s ]
INFO: [ app_init ] --END-- [ RunTime:0.001000s ]
INFO: [ app_begin ] --START--
INFO: Run Behavior\ReadHtmlCacheBehavior [ RunTime:0.001000s ]
INFO: [ app_begin ] --END-- [ RunTime:0.001000s ]
INFO: [ view_parse ] --START--
INFO: [ template_filter ] --START--
INFO: Run Behavior\ContentReplaceBehavior [ RunTime:0.000000s ]
INFO: [ template_filter ] --END-- [ RunTime:0.001000s ]
INFO: Run Behavior\ParseTemplateBehavior [ RunTime:0.015001s ]
INFO: [ view_parse ] --END-- [ RunTime:0.016001s ]
INFO: [ view_filter ] --START--
INFO: Run Behavior\WriteHtmlCacheBehavior [ RunTime:0.000000s ]
INFO: [ view_filter ] --END-- [ RunTime:0.001000s ]
INFO: [ app_end ] --START--
INFO: Run Behavior\ShowPageTraceBehavior [ RunTime:0.001000s ]
INFO: [ app_end ] --END-- [ RunTime:0.001000s ]

[ 2017-01-09T15:50:15+08:00 ] ::1 /wish/index.php/Admin/Rbac/node.html
INFO: [ app_init ] --START--
INFO: Run Behavior\BuildLiteBehavior [ RunTime:0.000000s ]
INFO: [ app_init ] --END-- [ RunTime:0.001000s ]
INFO: [ app_begin ] --START--
INFO: Run Behavior\ReadHtmlCacheBehavior [ RunTime:0.001000s ]
INFO: [ app_begin ] --END-- [ RunTime:0.001000s ]
SQL: SHOW COLUMNS FROM `hd_node` [ RunTime:0.0040s ]
SQL: SELECT `id`,`name`,`title`,`pid` FROM `hd_node` ORDER BY sort  [ RunTime:0.0000s ]
NOTIC: [8] Use of undefined constant id - assumed 'id' C:\wamp\www\wish\Index\Admin\Controller\RbacController.class.php 第 24 行.
NOTIC: [8] Undefined index: id C:\wamp\www\wish\Index\Admin\Controller\RbacController.class.php 第 24 行.
SQL: SELECT `id`,`name`,`title`,`pid` FROM `hd_node` WHERE `pid` = null ORDER BY sort  [ RunTime:0.0000s ]

[ 2017-01-09T15:51:42+08:00 ] ::1 /wish/index.php/Admin/Index/index.html
INFO: [ app_init ] --START--
INFO: Run Behavior\BuildLiteBehavior [ RunTime:0.000000s ]
INFO: [ app_init ] --END-- [ RunTime:0.001000s ]
INFO: [ app_begin ] --START--
INFO: Run Behavior\ReadHtmlCacheBehavior [ RunTime:0.001000s ]
INFO: [ app_begin ] --END-- [ RunTime:0.002000s ]
INFO: [ view_parse ] --START--
INFO: [ template_filter ] --START--
INFO: Run Behavior\ContentReplaceBehavior [ RunTime:0.001000s ]
INFO: [ template_filter ] --END-- [ RunTime:0.001000s ]
INFO: Run Behavior\ParseTemplateBehavior [ RunTime:0.017001s ]
INFO: [ view_parse ] --END-- [ RunTime:0.017001s ]
INFO: [ view_filter ] --START--
INFO: Run Behavior\WriteHtmlCacheBehavior [ RunTime:0.001000s ]
INFO: [ view_filter ] --END-- [ RunTime:0.001000s ]
INFO: [ app_end ] --START--
INFO: Run Behavior\ShowPageTraceBehavior [ RunTime:0.001000s ]
INFO: [ app_end ] --END-- [ RunTime:0.001000s ]

[ 2017-01-09T15:51:43+08:00 ] ::1 /wish/index.php/Admin/Rbac/node.html
INFO: [ app_init ] --START--
INFO: Run Behavior\BuildLiteBehavior [ RunTime:0.000000s ]
INFO: [ app_init ] --END-- [ RunTime:0.001000s ]
INFO: [ app_begin ] --START--
INFO: Run Behavior\ReadHtmlCacheBehavior [ RunTime:0.001000s ]
INFO: [ app_begin ] --END-- [ RunTime:0.001000s ]
SQL: SHOW COLUMNS FROM `hd_node` [ RunTime:0.0030s ]
SQL: SELECT `id`,`name`,`title`,`pid` FROM `hd_node` ORDER BY sort  [ RunTime:0.0010s ]
NOTIC: [8] Use of undefined constant id - assumed 'id' C:\wamp\www\wish\Index\Admin\Controller\RbacController.class.php 第 24 行.
NOTIC: [8] Undefined index: id C:\wamp\www\wish\Index\Admin\Controller\RbacController.class.php 第 24 行.
SQL: SELECT `id`,`name`,`title`,`pid` FROM `hd_node` WHERE `pid` = null ORDER BY sort  [ RunTime:0.0010s ]
SQL: SELECT `id`,`name`,`title`,`pid` FROM `hd_node` WHERE `pid` = null ORDER BY sort  [ RunTime:0.0010s ]
SQL: SELECT `id`,`name`,`title`,`pid` FROM `hd_node` WHERE `pid` = null ORDER BY sort  [ RunTime:0.0010s ]
SQL: SELECT `id`,`name`,`title`,`pid` FROM `hd_node` WHERE `pid` = null ORDER BY sort  [ RunTime:0.0000s ]
SQL: SELECT `id`,`name`,`title`,`pid` FROM `hd_node` WHERE `pid` = null ORDER BY sort  [ RunTime:0.0000s ]
SQL: SELECT `id`,`name`,`title`,`pid` FROM `hd_node` WHERE `pid` = null ORDER BY sort  [ RunTime:0.0010s ]
SQL: SELECT `id`,`name`,`title`,`pid` FROM `hd_node` WHERE `pid` = null ORDER BY sort  [ RunTime:0.0000s ]
SQL: SELECT `id`,`name`,`title`,`pid` FROM `hd_node` WHERE `pid` = null ORDER BY sort  [ RunTime:0.0010s ]
SQL: SELECT `id`,`name`,`title`,`pid` FROM `hd_node` WHERE `pid` = null ORDER BY sort  [ RunTime:0.0000s ]
SQL: SELECT `id`,`name`,`title`,`pid` FROM `hd_node` WHERE `pid` = null ORDER BY sort  [ RunTime:0.0000s ]
SQL: SELECT `id`,`name`,`title`,`pid` FROM `hd_node` WHERE `pid` = null ORDER BY sort  [ RunTime:0.0000s ]
SQL: SELECT `id`,`name`,`title`,`pid` FROM `hd_node` WHERE `pid` = null ORDER BY sort  [ RunTime:0.0000s ]
SQL: SELECT `id`,`name`,`title`,`pid` FROM `hd_node` WHERE `pid` = null ORDER BY sort  [ RunTime:0.0000s ]
SQL: SELECT `id`,`name`,`title`,`pid` FROM `hd_node` WHERE `pid` = null ORDER BY sort  [ RunTime:0.0000s ]

[ 2017-01-09T15:55:18+08:00 ] ::1 /wish/index.php/Admin/Index/index.html
INFO: [ app_init ] --START--
INFO: Run Behavior\BuildLiteBehavior [ RunTime:0.000000s ]
INFO: [ app_init ] --END-- [ RunTime:0.001000s ]
INFO: [ app_begin ] --START--
INFO: Run Behavior\ReadHtmlCacheBehavior [ RunTime:0.001001s ]
INFO: [ app_begin ] --END-- [ RunTime:0.001001s ]
INFO: [ view_parse ] --START--
INFO: [ template_filter ] --START--
INFO: Run Behavior\ContentReplaceBehavior [ RunTime:0.000000s ]
INFO: [ template_filter ] --END-- [ RunTime:0.000000s ]
INFO: Run Behavior\ParseTemplateBehavior [ RunTime:0.015001s ]
INFO: [ view_parse ] --END-- [ RunTime:0.015001s ]
INFO: [ view_filter ] --START--
INFO: Run Behavior\WriteHtmlCacheBehavior [ RunTime:0.001000s ]
INFO: [ view_filter ] --END-- [ RunTime:0.001000s ]
INFO: [ app_end ] --START--
INFO: Run Behavior\ShowPageTraceBehavior [ RunTime:0.001000s ]
INFO: [ app_end ] --END-- [ RunTime:0.001000s ]

[ 2017-01-09T15:55:19+08:00 ] ::1 /wish/index.php/Admin/Rbac/node.html
INFO: [ app_init ] --START--
INFO: Run Behavior\BuildLiteBehavior [ RunTime:0.000000s ]
INFO: [ app_init ] --END-- [ RunTime:0.001000s ]
INFO: [ app_begin ] --START--
INFO: Run Behavior\ReadHtmlCacheBehavior [ RunTime:0.002000s ]
INFO: [ app_begin ] --END-- [ RunTime:0.002000s ]
SQL: SHOW COLUMNS FROM `hd_node` [ RunTime:0.0040s ]
SQL: SELECT `id`,`name`,`title`,`pid` FROM `hd_node` ORDER BY sort  [ RunTime:0.0010s ]
NOTIC: [8] Undefined index: id C:\wamp\www\wish\Index\Admin\Controller\RbacController.class.php 第 27 行.
ERR: 1064:Erreur de syntaxe près de ') ORDER BY sort' à la ligne 1
 [ SQL语句 ] : SELECT `id`,`name`,`title`,`pid` FROM `hd_node` WHERE ( pid= ) ORDER BY sort 
ERR: 1064:Erreur de syntaxe près de ') ORDER BY sort' à la ligne 1
 [ SQL语句 ] : SELECT `id`,`name`,`title`,`pid` FROM `hd_node` WHERE ( pid= ) ORDER BY sort 

[ 2017-01-09T15:57:41+08:00 ] ::1 /wish/index.php/Admin/Index/index.html
INFO: [ app_init ] --START--
INFO: Run Behavior\BuildLiteBehavior [ RunTime:0.001000s ]
INFO: [ app_init ] --END-- [ RunTime:0.001000s ]
INFO: [ app_begin ] --START--
INFO: Run Behavior\ReadHtmlCacheBehavior [ RunTime:0.001000s ]
INFO: [ app_begin ] --END-- [ RunTime:0.002000s ]
INFO: [ view_parse ] --START--
INFO: [ template_filter ] --START--
INFO: Run Behavior\ContentReplaceBehavior [ RunTime:0.000000s ]
INFO: [ template_filter ] --END-- [ RunTime:0.001000s ]
INFO: Run Behavior\ParseTemplateBehavior [ RunTime:0.017001s ]
INFO: [ view_parse ] --END-- [ RunTime:0.018001s ]
INFO: [ view_filter ] --START--
INFO: Run Behavior\WriteHtmlCacheBehavior [ RunTime:0.001000s ]
INFO: [ view_filter ] --END-- [ RunTime:0.001000s ]
INFO: [ app_end ] --START--
INFO: Run Behavior\ShowPageTraceBehavior [ RunTime:0.001000s ]
INFO: [ app_end ] --END-- [ RunTime:0.001000s ]

[ 2017-01-09T15:57:42+08:00 ] ::1 /wish/index.php/Admin/Rbac/node.html
INFO: [ app_init ] --START--
INFO: Run Behavior\BuildLiteBehavior [ RunTime:0.000000s ]
INFO: [ app_init ] --END-- [ RunTime:0.001000s ]
INFO: [ app_begin ] --START--
INFO: Run Behavior\ReadHtmlCacheBehavior [ RunTime:0.001000s ]
INFO: [ app_begin ] --END-- [ RunTime:0.002000s ]
SQL: SHOW COLUMNS FROM `hd_node` [ RunTime:0.0040s ]
SQL: SELECT `id`,`name`,`title`,`pid` FROM `hd_node` ORDER BY sort  [ RunTime:0.0010s ]
SQL: SELECT `id`,`name`,`title`,`pid` FROM `hd_node` WHERE ( pid=1 ) ORDER BY sort  [ RunTime:0.0010s ]
SQL: SELECT `id`,`name`,`title`,`pid` FROM `hd_node` WHERE ( pid=14 ) ORDER BY sort  [ RunTime:0.0000s ]
SQL: SELECT `id`,`name`,`title`,`pid` FROM `hd_node` WHERE ( pid=13 ) ORDER BY sort  [ RunTime:0.0010s ]
SQL: SELECT `id`,`name`,`title`,`pid` FROM `hd_node` WHERE ( pid=12 ) ORDER BY sort  [ RunTime:0.0010s ]
SQL: SELECT `id`,`name`,`title`,`pid` FROM `hd_node` WHERE ( pid=11 ) ORDER BY sort  [ RunTime:0.0010s ]
SQL: SELECT `id`,`name`,`title`,`pid` FROM `hd_node` WHERE ( pid=10 ) ORDER BY sort  [ RunTime:0.0010s ]
SQL: SELECT `id`,`name`,`title`,`pid` FROM `hd_node` WHERE ( pid=8 ) ORDER BY sort  [ RunTime:0.0000s ]
SQL: SELECT `id`,`name`,`title`,`pid` FROM `hd_node` WHERE ( pid=7 ) ORDER BY sort  [ RunTime:0.0000s ]
SQL: SELECT `id`,`name`,`title`,`pid` FROM `hd_node` WHERE ( pid=6 ) ORDER BY sort  [ RunTime:0.0000s ]
SQL: SELECT `id`,`name`,`title`,`pid` FROM `hd_node` WHERE ( pid=5 ) ORDER BY sort  [ RunTime:0.0010s ]
SQL: SELECT `id`,`name`,`title`,`pid` FROM `hd_node` WHERE ( pid=4 ) ORDER BY sort  [ RunTime:0.0000s ]
SQL: SELECT `id`,`name`,`title`,`pid` FROM `hd_node` WHERE ( pid=3 ) ORDER BY sort  [ RunTime:0.0010s ]
SQL: SELECT `id`,`name`,`title`,`pid` FROM `hd_node` WHERE ( pid=2 ) ORDER BY sort  [ RunTime:0.0000s ]
SQL: SELECT `id`,`name`,`title`,`pid` FROM `hd_node` WHERE ( pid=15 ) ORDER BY sort  [ RunTime:0.0000s ]

[ 2017-01-09T15:57:50+08:00 ] ::1 /wish/index.php/Admin/Rbac/node.html
INFO: [ app_init ] --START--
INFO: Run Behavior\BuildLiteBehavior [ RunTime:0.001000s ]
INFO: [ app_init ] --END-- [ RunTime:0.001000s ]
INFO: [ app_begin ] --START--
INFO: Run Behavior\ReadHtmlCacheBehavior [ RunTime:0.001000s ]
INFO: [ app_begin ] --END-- [ RunTime:0.001000s ]
SQL: SHOW COLUMNS FROM `hd_node` [ RunTime:0.0050s ]
SQL: SELECT `id`,`name`,`title`,`pid` FROM `hd_node` ORDER BY sort  [ RunTime:0.0010s ]
SQL: SELECT `id`,`name`,`title`,`pid` FROM `hd_node` WHERE ( pid=1 ) ORDER BY sort  [ RunTime:0.0010s ]
SQL: SELECT `id`,`name`,`title`,`pid` FROM `hd_node` WHERE ( pid=14 ) ORDER BY sort  [ RunTime:0.0010s ]
SQL: SELECT `id`,`name`,`title`,`pid` FROM `hd_node` WHERE ( pid=13 ) ORDER BY sort  [ RunTime:0.0000s ]
SQL: SELECT `id`,`name`,`title`,`pid` FROM `hd_node` WHERE ( pid=12 ) ORDER BY sort  [ RunTime:0.0000s ]
SQL: SELECT `id`,`name`,`title`,`pid` FROM `hd_node` WHERE ( pid=11 ) ORDER BY sort  [ RunTime:0.0000s ]
SQL: SELECT `id`,`name`,`title`,`pid` FROM `hd_node` WHERE ( pid=10 ) ORDER BY sort  [ RunTime:0.0000s ]
SQL: SELECT `id`,`name`,`title`,`pid` FROM `hd_node` WHERE ( pid=8 ) ORDER BY sort  [ RunTime:0.0000s ]
SQL: SELECT `id`,`name`,`title`,`pid` FROM `hd_node` WHERE ( pid=7 ) ORDER BY sort  [ RunTime:0.0000s ]
SQL: SELECT `id`,`name`,`title`,`pid` FROM `hd_node` WHERE ( pid=6 ) ORDER BY sort  [ RunTime:0.0010s ]
SQL: SELECT `id`,`name`,`title`,`pid` FROM `hd_node` WHERE ( pid=5 ) ORDER BY sort  [ RunTime:0.0010s ]
SQL: SELECT `id`,`name`,`title`,`pid` FROM `hd_node` WHERE ( pid=4 ) ORDER BY sort  [ RunTime:0.0010s ]
SQL: SELECT `id`,`name`,`title`,`pid` FROM `hd_node` WHERE ( pid=3 ) ORDER BY sort  [ RunTime:0.0000s ]
SQL: SELECT `id`,`name`,`title`,`pid` FROM `hd_node` WHERE ( pid=2 ) ORDER BY sort  [ RunTime:0.0010s ]
SQL: SELECT `id`,`name`,`title`,`pid` FROM `hd_node` WHERE ( pid=15 ) ORDER BY sort  [ RunTime:0.0010s ]

[ 2017-01-09T15:58:52+08:00 ] ::1 /wish/index.php/Admin/Index/index.html
INFO: [ app_init ] --START--
INFO: Run Behavior\BuildLiteBehavior [ RunTime:0.000000s ]
INFO: [ app_init ] --END-- [ RunTime:0.001000s ]
INFO: [ app_begin ] --START--
INFO: Run Behavior\ReadHtmlCacheBehavior [ RunTime:0.000000s ]
INFO: [ app_begin ] --END-- [ RunTime:0.001000s ]
INFO: [ view_parse ] --START--
INFO: [ template_filter ] --START--
INFO: Run Behavior\ContentReplaceBehavior [ RunTime:0.000000s ]
INFO: [ template_filter ] --END-- [ RunTime:0.000000s ]
INFO: Run Behavior\ParseTemplateBehavior [ RunTime:0.015001s ]
INFO: [ view_parse ] --END-- [ RunTime:0.015001s ]
INFO: [ view_filter ] --START--
INFO: Run Behavior\WriteHtmlCacheBehavior [ RunTime:0.000000s ]
INFO: [ view_filter ] --END-- [ RunTime:0.001000s ]
INFO: [ app_end ] --START--
INFO: Run Behavior\ShowPageTraceBehavior [ RunTime:0.001000s ]
INFO: [ app_end ] --END-- [ RunTime:0.001000s ]

[ 2017-01-09T15:58:54+08:00 ] ::1 /wish/index.php/Admin/Rbac/node.html
INFO: [ app_init ] --START--
INFO: Run Behavior\BuildLiteBehavior [ RunTime:0.000000s ]
INFO: [ app_init ] --END-- [ RunTime:0.001000s ]
INFO: [ app_begin ] --START--
INFO: Run Behavior\ReadHtmlCacheBehavior [ RunTime:0.001000s ]
INFO: [ app_begin ] --END-- [ RunTime:0.001000s ]
SQL: SHOW COLUMNS FROM `hd_node` [ RunTime:0.0040s ]
SQL: SELECT `id`,`name`,`title`,`pid` FROM `hd_node` ORDER BY sort  [ RunTime:0.0010s ]
SQL: SELECT `id`,`name`,`title`,`pid` FROM `hd_node` WHERE ( pid=1 ) ORDER BY sort  [ RunTime:0.0000s ]
SQL: SELECT `id`,`name`,`title`,`pid` FROM `hd_node` WHERE ( pid=14 ) ORDER BY sort  [ RunTime:0.0010s ]
SQL: SELECT `id`,`name`,`title`,`pid` FROM `hd_node` WHERE ( pid=13 ) ORDER BY sort  [ RunTime:0.0020s ]
SQL: SELECT `id`,`name`,`title`,`pid` FROM `hd_node` WHERE ( pid=12 ) ORDER BY sort  [ RunTime:0.0010s ]
SQL: SELECT `id`,`name`,`title`,`pid` FROM `hd_node` WHERE ( pid=11 ) ORDER BY sort  [ RunTime:0.0000s ]
SQL: SELECT `id`,`name`,`title`,`pid` FROM `hd_node` WHERE ( pid=10 ) ORDER BY sort  [ RunTime:0.0000s ]
SQL: SELECT `id`,`name`,`title`,`pid` FROM `hd_node` WHERE ( pid=8 ) ORDER BY sort  [ RunTime:0.0000s ]
SQL: SELECT `id`,`name`,`title`,`pid` FROM `hd_node` WHERE ( pid=7 ) ORDER BY sort  [ RunTime:0.0010s ]
SQL: SELECT `id`,`name`,`title`,`pid` FROM `hd_node` WHERE ( pid=6 ) ORDER BY sort  [ RunTime:0.0010s ]
SQL: SELECT `id`,`name`,`title`,`pid` FROM `hd_node` WHERE ( pid=5 ) ORDER BY sort  [ RunTime:0.0000s ]
SQL: SELECT `id`,`name`,`title`,`pid` FROM `hd_node` WHERE ( pid=4 ) ORDER BY sort  [ RunTime:0.0010s ]
SQL: SELECT `id`,`name`,`title`,`pid` FROM `hd_node` WHERE ( pid=3 ) ORDER BY sort  [ RunTime:0.0010s ]
SQL: SELECT `id`,`name`,`title`,`pid` FROM `hd_node` WHERE ( pid=2 ) ORDER BY sort  [ RunTime:0.0000s ]
SQL: SELECT `id`,`name`,`title`,`pid` FROM `hd_node` WHERE ( pid=15 ) ORDER BY sort  [ RunTime:0.0000s ]

[ 2017-01-09T16:07:04+08:00 ] ::1 /wish/index.php/Admin/Index/index.html
INFO: [ app_init ] --START--
INFO: Run Behavior\BuildLiteBehavior [ RunTime:0.000000s ]
INFO: [ app_init ] --END-- [ RunTime:0.000000s ]
INFO: [ app_begin ] --START--
INFO: Run Behavior\ReadHtmlCacheBehavior [ RunTime:0.001000s ]
INFO: [ app_begin ] --END-- [ RunTime:0.001000s ]
INFO: [ view_parse ] --START--
INFO: [ template_filter ] --START--
INFO: Run Behavior\ContentReplaceBehavior [ RunTime:0.000000s ]
INFO: [ template_filter ] --END-- [ RunTime:0.000000s ]
INFO: Run Behavior\ParseTemplateBehavior [ RunTime:0.015001s ]
INFO: [ view_parse ] --END-- [ RunTime:0.015001s ]
INFO: [ view_filter ] --START--
INFO: Run Behavior\WriteHtmlCacheBehavior [ RunTime:0.000000s ]
INFO: [ view_filter ] --END-- [ RunTime:0.001000s ]
INFO: [ app_end ] --START--
INFO: Run Behavior\ShowPageTraceBehavior [ RunTime:0.001000s ]
INFO: [ app_end ] --END-- [ RunTime:0.001000s ]

[ 2017-01-09T16:07:05+08:00 ] ::1 /wish/index.php/Admin/Rbac/node.html
INFO: [ app_init ] --START--
INFO: Run Behavior\BuildLiteBehavior [ RunTime:0.000000s ]
INFO: [ app_init ] --END-- [ RunTime:0.001000s ]
INFO: [ app_begin ] --START--
INFO: Run Behavior\ReadHtmlCacheBehavior [ RunTime:0.000000s ]
INFO: [ app_begin ] --END-- [ RunTime:0.001000s ]
SQL: SHOW COLUMNS FROM `hd_node` [ RunTime:0.0030s ]
SQL: SELECT `id`,`name`,`title`,`pid` FROM `hd_node` ORDER BY sort  [ RunTime:0.0000s ]
SQL: SELECT `id`,`name`,`title`,`pid` FROM `hd_node` WHERE ( pid=1 ) ORDER BY sort  [ RunTime:0.0000s ]
SQL: SELECT `id`,`name`,`title`,`pid` FROM `hd_node` WHERE ( pid=14 ) ORDER BY sort  [ RunTime:0.0010s ]
SQL: SELECT `id`,`name`,`title`,`pid` FROM `hd_node` WHERE ( pid=13 ) ORDER BY sort  [ RunTime:0.0010s ]
SQL: SELECT `id`,`name`,`title`,`pid` FROM `hd_node` WHERE ( pid=12 ) ORDER BY sort  [ RunTime:0.0000s ]
SQL: SELECT `id`,`name`,`title`,`pid` FROM `hd_node` WHERE ( pid=11 ) ORDER BY sort  [ RunTime:0.0010s ]
SQL: SELECT `id`,`name`,`title`,`pid` FROM `hd_node` WHERE ( pid=10 ) ORDER BY sort  [ RunTime:0.0000s ]
SQL: SELECT `id`,`name`,`title`,`pid` FROM `hd_node` WHERE ( pid=8 ) ORDER BY sort  [ RunTime:0.0010s ]
SQL: SELECT `id`,`name`,`title`,`pid` FROM `hd_node` WHERE ( pid=7 ) ORDER BY sort  [ RunTime:0.0010s ]
SQL: SELECT `id`,`name`,`title`,`pid` FROM `hd_node` WHERE ( pid=6 ) ORDER BY sort  [ RunTime:0.0010s ]
SQL: SELECT `id`,`name`,`title`,`pid` FROM `hd_node` WHERE ( pid=5 ) ORDER BY sort  [ RunTime:0.0000s ]
SQL: SELECT `id`,`name`,`title`,`pid` FROM `hd_node` WHERE ( pid=4 ) ORDER BY sort  [ RunTime:0.0000s ]
SQL: SELECT `id`,`name`,`title`,`pid` FROM `hd_node` WHERE ( pid=3 ) ORDER BY sort  [ RunTime:0.0010s ]
SQL: SELECT `id`,`name`,`title`,`pid` FROM `hd_node` WHERE ( pid=2 ) ORDER BY sort  [ RunTime:0.0010s ]
SQL: SELECT `id`,`name`,`title`,`pid` FROM `hd_node` WHERE ( pid=15 ) ORDER BY sort  [ RunTime:0.0010s ]
INFO: [ view_parse ] --START--
INFO: [ template_filter ] --START--
INFO: Run Behavior\ContentReplaceBehavior [ RunTime:0.000000s ]
INFO: [ template_filter ] --END-- [ RunTime:0.001000s ]
NOTIC: [8] Use of undefined constant level - assumed 'level' C:\wamp\www\wish\Index\Runtime\Cache\Admin\27b9c0453f8f46782c35864c6387e9d9.php 第 22 行.
NOTIC: [8] Use of undefined constant title - assumed 'title' C:\wamp\www\wish\Index\Runtime\Cache\Admin\27b9c0453f8f46782c35864c6387e9d9.php 第 23 行.
NOTIC: [8] Use of undefined constant level - assumed 'level' C:\wamp\www\wish\Index\Runtime\Cache\Admin\27b9c0453f8f46782c35864c6387e9d9.php 第 30 行.
NOTIC: [8] Undefined index: child C:\wamp\www\wish\Index\Runtime\Cache\Admin\27b9c0453f8f46782c35864c6387e9d9.php 第 32 行.
NOTIC: [8] Use of undefined constant level - assumed 'level' C:\wamp\www\wish\Index\Runtime\Cache\Admin\27b9c0453f8f46782c35864c6387e9d9.php 第 30 行.
NOTIC: [8] Undefined index: child C:\wamp\www\wish\Index\Runtime\Cache\Admin\27b9c0453f8f46782c35864c6387e9d9.php 第 32 行.
NOTIC: [8] Use of undefined constant level - assumed 'level' C:\wamp\www\wish\Index\Runtime\Cache\Admin\27b9c0453f8f46782c35864c6387e9d9.php 第 30 行.
NOTIC: [8] Undefined index: child C:\wamp\www\wish\Index\Runtime\Cache\Admin\27b9c0453f8f46782c35864c6387e9d9.php 第 32 行.
NOTIC: [8] Use of undefined constant level - assumed 'level' C:\wamp\www\wish\Index\Runtime\Cache\Admin\27b9c0453f8f46782c35864c6387e9d9.php 第 22 行.
NOTIC: [8] Use of undefined constant title - assumed 'title' C:\wamp\www\wish\Index\Runtime\Cache\Admin\27b9c0453f8f46782c35864c6387e9d9.php 第 23 行.
NOTIC: [8] Use of undefined constant level - assumed 'level' C:\wamp\www\wish\Index\Runtime\Cache\Admin\27b9c0453f8f46782c35864c6387e9d9.php 第 22 行.
NOTIC: [8] Use of undefined constant title - assumed 'title' C:\wamp\www\wish\Index\Runtime\Cache\Admin\27b9c0453f8f46782c35864c6387e9d9.php 第 23 行.
NOTIC: [8] Use of undefined constant level - assumed 'level' C:\wamp\www\wish\Index\Runtime\Cache\Admin\27b9c0453f8f46782c35864c6387e9d9.php 第 22 行.
NOTIC: [8] Use of undefined constant title - assumed 'title' C:\wamp\www\wish\Index\Runtime\Cache\Admin\27b9c0453f8f46782c35864c6387e9d9.php 第 23 行.
NOTIC: [8] Use of undefined constant level - assumed 'level' C:\wamp\www\wish\Index\Runtime\Cache\Admin\27b9c0453f8f46782c35864c6387e9d9.php 第 22 行.
NOTIC: [8] Use of undefined constant title - assumed 'title' C:\wamp\www\wish\Index\Runtime\Cache\Admin\27b9c0453f8f46782c35864c6387e9d9.php 第 23 行.
NOTIC: [8] Use of undefined constant level - assumed 'level' C:\wamp\www\wish\Index\Runtime\Cache\Admin\27b9c0453f8f46782c35864c6387e9d9.php 第 22 行.
NOTIC: [8] Use of undefined constant title - assumed 'title' C:\wamp\www\wish\Index\Runtime\Cache\Admin\27b9c0453f8f46782c35864c6387e9d9.php 第 23 行.
NOTIC: [8] Use of undefined constant level - assumed 'level' C:\wamp\www\wish\Index\Runtime\Cache\Admin\27b9c0453f8f46782c35864c6387e9d9.php 第 22 行.
NOTIC: [8] Use of undefined constant title - assumed 'title' C:\wamp\www\wish\Index\Runtime\Cache\Admin\27b9c0453f8f46782c35864c6387e9d9.php 第 23 行.
NOTIC: [8] Use of undefined constant level - assumed 'level' C:\wamp\www\wish\Index\Runtime\Cache\Admin\27b9c0453f8f46782c35864c6387e9d9.php 第 22 行.
NOTIC: [8] Use of undefined constant title - assumed 'title' C:\wamp\www\wish\Index\Runtime\Cache\Admin\27b9c0453f8f46782c35864c6387e9d9.php 第 23 行.
NOTIC: [8] Use of undefined constant level - assumed 'level' C:\wamp\www\wish\Index\Runtime\Cache\Admin\27b9c0453f8f46782c35864c6387e9d9.php 第 22 行.
NOTIC: [8] Use of undefined constant title - assumed 'title' C:\wamp\www\wish\Index\Runtime\Cache\Admin\27b9c0453f8f46782c35864c6387e9d9.php 第 23 行.
NOTIC: [8] Use of undefined constant level - assumed 'level' C:\wamp\www\wish\Index\Runtime\Cache\Admin\27b9c0453f8f46782c35864c6387e9d9.php 第 22 行.
NOTIC: [8] Use of undefined constant title - assumed 'title' C:\wamp\www\wish\Index\Runtime\Cache\Admin\27b9c0453f8f46782c35864c6387e9d9.php 第 23 行.
NOTIC: [8] Use of undefined constant level - assumed 'level' C:\wamp\www\wish\Index\Runtime\Cache\Admin\27b9c0453f8f46782c35864c6387e9d9.php 第 30 行.
NOTIC: [8] Undefined index: child C:\wamp\www\wish\Index\Runtime\Cache\Admin\27b9c0453f8f46782c35864c6387e9d9.php 第 32 行.
NOTIC: [8] Use of undefined constant level - assumed 'level' C:\wamp\www\wish\Index\Runtime\Cache\Admin\27b9c0453f8f46782c35864c6387e9d9.php 第 30 行.
NOTIC: [8] Undefined index: child C:\wamp\www\wish\Index\Runtime\Cache\Admin\27b9c0453f8f46782c35864c6387e9d9.php 第 32 行.
NOTIC: [8] Use of undefined constant level - assumed 'level' C:\wamp\www\wish\Index\Runtime\Cache\Admin\27b9c0453f8f46782c35864c6387e9d9.php 第 30 行.
NOTIC: [8] Undefined index: child C:\wamp\www\wish\Index\Runtime\Cache\Admin\27b9c0453f8f46782c35864c6387e9d9.php 第 32 行.
NOTIC: [8] Use of undefined constant level - assumed 'level' C:\wamp\www\wish\Index\Runtime\Cache\Admin\27b9c0453f8f46782c35864c6387e9d9.php 第 30 行.
NOTIC: [8] Undefined index: child C:\wamp\www\wish\Index\Runtime\Cache\Admin\27b9c0453f8f46782c35864c6387e9d9.php 第 32 行.
NOTIC: [8] Use of undefined constant level - assumed 'level' C:\wamp\www\wish\Index\Runtime\Cache\Admin\27b9c0453f8f46782c35864c6387e9d9.php 第 22 行.
NOTIC: [8] Use of undefined constant title - assumed 'title' C:\wamp\www\wish\Index\Runtime\Cache\Admin\27b9c0453f8f46782c35864c6387e9d9.php 第 23 行.
NOTIC: [8] Use of undefined constant level - assumed 'level' C:\wamp\www\wish\Index\Runtime\Cache\Admin\27b9c0453f8f46782c35864c6387e9d9.php 第 30 行.
NOTIC: [8] Undefined index: child C:\wamp\www\wish\Index\Runtime\Cache\Admin\27b9c0453f8f46782c35864c6387e9d9.php 第 32 行.
NOTIC: [8] Use of undefined constant level - assumed 'level' C:\wamp\www\wish\Index\Runtime\Cache\Admin\27b9c0453f8f46782c35864c6387e9d9.php 第 30 行.
NOTIC: [8] Undefined index: child C:\wamp\www\wish\Index\Runtime\Cache\Admin\27b9c0453f8f46782c35864c6387e9d9.php 第 32 行.
NOTIC: [8] Use of undefined constant level - assumed 'level' C:\wamp\www\wish\Index\Runtime\Cache\Admin\27b9c0453f8f46782c35864c6387e9d9.php 第 22 行.
NOTIC: [8] Use of undefined constant title - assumed 'title' C:\wamp\www\wish\Index\Runtime\Cache\Admin\27b9c0453f8f46782c35864c6387e9d9.php 第 23 行.
NOTIC: [8] Use of undefined constant level - assumed 'level' C:\wamp\www\wish\Index\Runtime\Cache\Admin\27b9c0453f8f46782c35864c6387e9d9.php 第 30 行.
NOTIC: [8] Undefined index: child C:\wamp\www\wish\Index\Runtime\Cache\Admin\27b9c0453f8f46782c35864c6387e9d9.php 第 32 行.
NOTIC: [8] Use of undefined constant level - assumed 'level' C:\wamp\www\wish\Index\Runtime\Cache\Admin\27b9c0453f8f46782c35864c6387e9d9.php 第 30 行.
NOTIC: [8] Undefined index: child C:\wamp\www\wish\Index\Runtime\Cache\Admin\27b9c0453f8f46782c35864c6387e9d9.php 第 32 行.
NOTIC: [8] Use of undefined constant level - assumed 'level' C:\wamp\www\wish\Index\Runtime\Cache\Admin\27b9c0453f8f46782c35864c6387e9d9.php 第 22 行.
NOTIC: [8] Use of undefined constant title - assumed 'title' C:\wamp\www\wish\Index\Runtime\Cache\Admin\27b9c0453f8f46782c35864c6387e9d9.php 第 23 行.
NOTIC: [8] Use of undefined constant level - assumed 'level' C:\wamp\www\wish\Index\Runtime\Cache\Admin\27b9c0453f8f46782c35864c6387e9d9.php 第 22 行.
NOTIC: [8] Use of undefined constant title - assumed 'title' C:\wamp\www\wish\Index\Runtime\Cache\Admin\27b9c0453f8f46782c35864c6387e9d9.php 第 23 行.
INFO: Run Behavior\ParseTemplateBehavior [ RunTime:0.071004s ]
INFO: [ view_parse ] --END-- [ RunTime:0.071004s ]
INFO: [ view_filter ] --START--
INFO: Run Behavior\WriteHtmlCacheBehavior [ RunTime:0.001000s ]
INFO: [ view_filter ] --END-- [ RunTime:0.001000s ]
INFO: [ app_end ] --START--
INFO: Run Behavior\ShowPageTraceBehavior [ RunTime:0.001000s ]
INFO: [ app_end ] --END-- [ RunTime:0.002000s ]

[ 2017-01-09T16:07:40+08:00 ] ::1 /wish/index.php/Admin/Index/index.html
INFO: [ app_init ] --START--
INFO: Run Behavior\BuildLiteBehavior [ RunTime:0.000000s ]
INFO: [ app_init ] --END-- [ RunTime:0.002000s ]
INFO: [ app_begin ] --START--
INFO: Run Behavior\ReadHtmlCacheBehavior [ RunTime:0.001000s ]
INFO: [ app_begin ] --END-- [ RunTime:0.001000s ]
INFO: [ view_parse ] --START--
INFO: [ template_filter ] --START--
INFO: Run Behavior\ContentReplaceBehavior [ RunTime:0.000000s ]
INFO: [ template_filter ] --END-- [ RunTime:0.000000s ]
INFO: Run Behavior\ParseTemplateBehavior [ RunTime:0.017001s ]
INFO: [ view_parse ] --END-- [ RunTime:0.017001s ]
INFO: [ view_filter ] --START--
INFO: Run Behavior\WriteHtmlCacheBehavior [ RunTime:0.000000s ]
INFO: [ view_filter ] --END-- [ RunTime:0.001000s ]
INFO: [ app_end ] --START--
INFO: Run Behavior\ShowPageTraceBehavior [ RunTime:0.001000s ]
INFO: [ app_end ] --END-- [ RunTime:0.001000s ]

[ 2017-01-09T16:07:42+08:00 ] ::1 /wish/index.php/Admin/Rbac/node.html
INFO: [ app_init ] --START--
INFO: Run Behavior\BuildLiteBehavior [ RunTime:0.000000s ]
INFO: [ app_init ] --END-- [ RunTime:0.001000s ]
INFO: [ app_begin ] --START--
INFO: Run Behavior\ReadHtmlCacheBehavior [ RunTime:0.000000s ]
INFO: [ app_begin ] --END-- [ RunTime:0.001000s ]
SQL: SHOW COLUMNS FROM `hd_node` [ RunTime:0.0030s ]
SQL: SELECT `id`,`name`,`title`,`pid` FROM `hd_node` ORDER BY sort  [ RunTime:0.0010s ]
INFO: [ view_parse ] --START--
INFO: [ template_filter ] --START--
INFO: Run Behavior\ContentReplaceBehavior [ RunTime:0.000000s ]
INFO: [ template_filter ] --END-- [ RunTime:0.000000s ]
NOTIC: [8] Use of undefined constant level - assumed 'level' C:\wamp\www\wish\Index\Runtime\Cache\Admin\27b9c0453f8f46782c35864c6387e9d9.php 第 22 行.
NOTIC: [8] Use of undefined constant title - assumed 'title' C:\wamp\www\wish\Index\Runtime\Cache\Admin\27b9c0453f8f46782c35864c6387e9d9.php 第 23 行.
NOTIC: [8] Use of undefined constant level - assumed 'level' C:\wamp\www\wish\Index\Runtime\Cache\Admin\27b9c0453f8f46782c35864c6387e9d9.php 第 30 行.
NOTIC: [8] Use of undefined constant title - assumed 'title' C:\wamp\www\wish\Index\Runtime\Cache\Admin\27b9c0453f8f46782c35864c6387e9d9.php 第 34 行.
NOTIC: [8] Use of undefined constant title - assumed 'title' C:\wamp\www\wish\Index\Runtime\Cache\Admin\27b9c0453f8f46782c35864c6387e9d9.php 第 34 行.
NOTIC: [8] Use of undefined constant title - assumed 'title' C:\wamp\www\wish\Index\Runtime\Cache\Admin\27b9c0453f8f46782c35864c6387e9d9.php 第 34 行.
NOTIC: [8] Use of undefined constant title - assumed 'title' C:\wamp\www\wish\Index\Runtime\Cache\Admin\27b9c0453f8f46782c35864c6387e9d9.php 第 34 行.
NOTIC: [8] Use of undefined constant level - assumed 'level' C:\wamp\www\wish\Index\Runtime\Cache\Admin\27b9c0453f8f46782c35864c6387e9d9.php 第 30 行.
NOTIC: [8] Use of undefined constant title - assumed 'title' C:\wamp\www\wish\Index\Runtime\Cache\Admin\27b9c0453f8f46782c35864c6387e9d9.php 第 34 行.
NOTIC: [8] Use of undefined constant title - assumed 'title' C:\wamp\www\wish\Index\Runtime\Cache\Admin\27b9c0453f8f46782c35864c6387e9d9.php 第 34 行.
NOTIC: [8] Use of undefined constant level - assumed 'level' C:\wamp\www\wish\Index\Runtime\Cache\Admin\27b9c0453f8f46782c35864c6387e9d9.php 第 30 行.
NOTIC: [8] Use of undefined constant title - assumed 'title' C:\wamp\www\wish\Index\Runtime\Cache\Admin\27b9c0453f8f46782c35864c6387e9d9.php 第 34 行.
NOTIC: [8] Use of undefined constant title - assumed 'title' C:\wamp\www\wish\Index\Runtime\Cache\Admin\27b9c0453f8f46782c35864c6387e9d9.php 第 34 行.
NOTIC: [8] Use of undefined constant level - assumed 'level' C:\wamp\www\wish\Index\Runtime\Cache\Admin\27b9c0453f8f46782c35864c6387e9d9.php 第 22 行.
NOTIC: [8] Use of undefined constant title - assumed 'title' C:\wamp\www\wish\Index\Runtime\Cache\Admin\27b9c0453f8f46782c35864c6387e9d9.php 第 23 行.
NOTIC: [8] Use of undefined constant level - assumed 'level' C:\wamp\www\wish\Index\Runtime\Cache\Admin\27b9c0453f8f46782c35864c6387e9d9.php 第 22 行.
NOTIC: [8] Use of undefined constant title - assumed 'title' C:\wamp\www\wish\Index\Runtime\Cache\Admin\27b9c0453f8f46782c35864c6387e9d9.php 第 23 行.
INFO: Run Behavior\ParseTemplateBehavior [ RunTime:0.037002s ]
INFO: [ view_parse ] --END-- [ RunTime:0.037002s ]
INFO: [ view_filter ] --START--
INFO: Run Behavior\WriteHtmlCacheBehavior [ RunTime:0.001000s ]
INFO: [ view_filter ] --END-- [ RunTime:0.001000s ]
INFO: [ app_end ] --START--
INFO: Run Behavior\ShowPageTraceBehavior [ RunTime:0.002000s ]
INFO: [ app_end ] --END-- [ RunTime:0.002000s ]

